2018-12-06 11:11:08,406 INFO Episode 1	Last reward: 4.269099131557872	Average reward 11.09
2018-12-06 11:11:08,408 DEBUG backend agg version v2.2
2018-12-06 11:11:08,466 DEBUG findfont: Matching :family=sans-serif:style=normal:variant=normal:weight=normal:stretch=normal:size=10.0 to Liberation Sans ('/usr/share/fonts/truetype/liberation/LiberationSans-Regular.ttf') with score of 2.050000
2018-12-06 11:11:13,730 INFO Episode 2	Last reward: 7.726090166108184	Average reward 10.46
2018-12-06 11:11:18,919 INFO Episode 3	Last reward: 6.848806120072261	Average reward 12.35
2018-12-06 11:11:23,857 INFO Episode 4	Last reward: 12.588237231926147	Average reward 12.05
2018-12-06 11:11:29,013 INFO Episode 5	Last reward: 9.84747712318687	Average reward 9.60
2018-12-06 11:11:34,083 INFO Episode 6	Last reward: 2.486410548146872	Average reward 9.09
2018-12-06 11:11:38,710 INFO Episode 7	Last reward: 5.5449538076450775	Average reward 7.01
2018-12-06 11:11:43,737 INFO Episode 8	Last reward: 4.510048986002876	Average reward 7.64
2018-12-06 11:11:48,531 INFO Episode 9	Last reward: 27.958622073167493	Average reward 11.02
2018-12-06 11:11:53,409 INFO Episode 10	Last reward: 6.228952752029851	Average reward 11.04
2018-12-06 11:11:58,217 INFO Episode 11	Last reward: 13.423692291537884	Average reward 10.88
2018-12-06 11:12:04,611 INFO Episode 12	Last reward: 7.325761565641949	Average reward 7.22
2018-12-06 11:12:09,096 INFO Episode 13	Last reward: 3.363983630324388	Average reward 8.15
2018-12-06 11:12:13,855 INFO Episode 14	Last reward: 5.88872458825532	Average reward 5.83
2018-12-06 11:12:18,756 INFO Episode 15	Last reward: 7.167761110404587	Average reward 7.06
2018-12-06 11:12:23,476 INFO Episode 16	Last reward: 2.6859652393652356	Average reward 5.60
2018-12-06 11:12:28,404 INFO Episode 17	Last reward: 5.004446874757322	Average reward 5.37
2018-12-06 11:12:33,190 INFO Episode 18	Last reward: 5.243319864689896	Average reward 5.02
2018-12-06 11:12:38,005 INFO Episode 19	Last reward: 3.290166342978819	Average reward 4.78
2018-12-06 11:12:43,002 INFO Episode 20	Last reward: -0.9443248164494735	Average reward 4.82
2018-12-06 11:12:47,777 INFO Episode 21	Last reward: 4.9547117611937885	Average reward 4.91
2018-12-06 11:12:52,716 INFO Episode 22	Last reward: -0.6195862601047741	Average reward 4.94
2018-12-06 11:12:57,465 INFO Episode 23	Last reward: 2.902046422635561	Average reward 4.84
2018-12-06 11:13:01,979 INFO Episode 24	Last reward: 3.4208009295330006	Average reward 4.82
2018-12-06 11:13:06,867 INFO Episode 25	Last reward: -0.6718216443565103	Average reward 4.25
2018-12-06 11:13:12,533 INFO Episode 26	Last reward: 3.159548847045283	Average reward 4.77
2018-12-06 11:13:17,155 INFO Episode 27	Last reward: 2.4406422379945694	Average reward 4.97
2018-12-06 11:13:21,413 INFO Episode 28	Last reward: 2.9235333299367583	Average reward 4.68
2018-12-06 11:13:27,368 INFO Episode 29	Last reward: 4.761929213738728	Average reward 4.73
2018-12-06 11:13:32,789 INFO Episode 30	Last reward: -0.6349258797625408	Average reward 4.38
2018-12-06 11:13:39,234 INFO Episode 31	Last reward: 5.3146848162406055	Average reward 5.47
2018-12-06 11:13:44,097 INFO Episode 32	Last reward: 3.3505915226784166	Average reward 6.80
2018-12-06 11:13:49,638 INFO Episode 33	Last reward: 5.672095623873529	Average reward 6.87
2018-12-06 11:13:54,935 INFO Episode 34	Last reward: 11.76570495711162	Average reward 12.86
2018-12-06 11:13:59,983 INFO Episode 35	Last reward: 27.056467429152335	Average reward 16.25
2018-12-06 11:14:05,494 INFO Episode 36	Last reward: 78.80152304384269	Average reward 26.36
2018-12-06 11:14:10,595 INFO Episode 37	Last reward: 26.254274560498036	Average reward 33.21
2018-12-06 11:14:16,367 INFO Episode 38	Last reward: 207.91238859919628	Average reward 88.68
2018-12-06 11:14:21,583 INFO Episode 39	Last reward: 114.63546098977667	Average reward 71.94
2018-12-06 11:14:26,594 INFO Episode 40	Last reward: 76.53855542668252	Average reward 71.86
2018-12-06 11:14:32,561 INFO Episode 41	Last reward: 88.06887756550285	Average reward 147.48
2018-12-06 11:14:39,405 INFO Episode 42	Last reward: 569.9946678860093	Average reward 299.68
2018-12-06 11:14:45,801 INFO Episode 43	Last reward: 729.9486756728039	Average reward 498.53
2018-12-06 11:14:52,458 INFO Episode 44	Last reward: 1186.9772505423625	Average reward 1296.39
2018-12-06 11:14:58,791 INFO Episode 45	Last reward: 204.1888201772878	Average reward 927.40
2018-12-06 11:15:05,805 INFO Episode 46	Last reward: 2089.599161433795	Average reward 1037.16
2018-12-06 11:15:11,543 INFO Episode 47	Last reward: 586.4467103073797	Average reward 940.07
2018-12-06 11:15:18,672 INFO Episode 48	Last reward: 920.301598055587	Average reward 745.57
2018-12-06 11:15:25,061 INFO Episode 49	Last reward: 1196.8575747959014	Average reward 1229.13
2018-12-06 11:15:33,589 INFO Episode 50	Last reward: 2617.7733682129515	Average reward 1763.88
2018-12-06 11:15:40,341 INFO Episode 51	Last reward: 1928.1446235831568	Average reward 1927.09
2018-12-06 11:15:45,939 INFO Episode 52	Last reward: 1809.3733341650845	Average reward 1915.05
2018-12-06 11:15:52,983 INFO Episode 53	Last reward: 1887.6603153400667	Average reward 2221.85
2018-12-06 11:16:00,362 INFO Episode 54	Last reward: 2352.910440314101	Average reward 1616.18
2018-12-06 11:16:07,874 INFO Episode 55	Last reward: 2071.0124445412744	Average reward 1609.56
2018-12-06 11:16:14,595 INFO Episode 56	Last reward: 2843.0837810516696	Average reward 1632.54
2018-12-06 11:16:22,553 INFO Episode 57	Last reward: 1240.8139579532644	Average reward 1014.98
2018-12-06 11:16:29,120 INFO Episode 58	Last reward: 2035.934009816488	Average reward 2490.89
2018-12-06 11:16:34,164 INFO Episode 59	Last reward: 1379.8283870619077	Average reward 1055.03
2018-12-06 11:16:41,707 INFO Episode 60	Last reward: 2321.7633276718425	Average reward 1805.99
2018-12-06 11:16:47,300 INFO Episode 61	Last reward: 460.61550233842735	Average reward 1158.60
2018-12-06 11:16:54,186 INFO Episode 62	Last reward: 1786.019061564936	Average reward 1019.86
2018-12-06 11:17:00,490 INFO Episode 63	Last reward: 2111.5871479950742	Average reward 1955.25
2018-12-06 11:17:07,119 INFO Episode 64	Last reward: 2336.4320257591053	Average reward 1880.91
2018-12-06 11:17:13,198 INFO Episode 65	Last reward: 1476.1178517567196	Average reward 1826.30
2018-12-06 11:17:20,696 INFO Episode 66	Last reward: 2228.5610721054277	Average reward 2555.26
2018-12-06 11:17:28,072 INFO Episode 67	Last reward: 2687.536210652371	Average reward 2603.51
2018-12-06 11:17:34,709 INFO Episode 68	Last reward: 2442.5972172092806	Average reward 2398.57
2018-12-06 11:17:41,419 INFO Episode 69	Last reward: 2918.4144939297566	Average reward 2715.74
2018-12-06 11:17:46,691 INFO Episode 70	Last reward: 970.8932142816801	Average reward 853.13
2018-12-06 11:17:52,999 INFO Episode 71	Last reward: 1744.574989799061	Average reward 2223.82
2018-12-06 11:18:00,518 INFO Episode 72	Last reward: 2620.670530391229	Average reward 1368.21
2018-12-06 11:18:09,512 INFO Episode 73	Last reward: 2262.5156843792097	Average reward 1669.24
2018-12-06 11:18:15,597 INFO Episode 74	Last reward: 2010.1743943317094	Average reward 1089.02
2018-12-06 11:18:22,864 INFO Episode 75	Last reward: 2147.247530706934	Average reward 1475.97
2018-12-06 11:18:28,842 INFO Episode 76	Last reward: 1698.8465903672545	Average reward 1170.94
2018-12-06 11:18:34,444 INFO Episode 77	Last reward: 2210.9533367631016	Average reward 1112.23
2018-12-06 11:18:39,826 INFO Episode 78	Last reward: 814.5712939571496	Average reward 1347.78
2018-12-06 11:18:46,396 INFO Episode 79	Last reward: 2031.5655447279348	Average reward 1638.68
2018-12-06 11:18:53,772 INFO Episode 80	Last reward: 2487.0358832800757	Average reward 1705.44
2018-12-06 11:19:02,097 INFO Episode 81	Last reward: 2442.714432022259	Average reward 2224.09
2018-12-06 11:19:11,167 INFO Episode 82	Last reward: 2454.7766708835343	Average reward 2063.62
2018-12-06 11:19:18,636 INFO Episode 83	Last reward: 3024.254557360066	Average reward 2686.26
2018-12-06 11:19:24,946 INFO Episode 84	Last reward: 2607.7001972191683	Average reward 2600.37
2018-12-06 11:19:31,482 INFO Episode 85	Last reward: 2760.18468105625	Average reward 2397.01
2018-12-06 11:19:37,858 INFO Episode 86	Last reward: 2678.040660029667	Average reward 2535.37
2018-12-06 11:19:43,294 INFO Episode 87	Last reward: 632.0028526413163	Average reward 280.11
2018-12-06 11:19:48,544 INFO Episode 88	Last reward: 1309.911295069806	Average reward 633.86
2018-12-06 11:19:55,769 INFO Episode 89	Last reward: 1084.611830397001	Average reward 1253.20
2018-12-06 11:20:03,062 INFO Episode 90	Last reward: 1366.6669235223646	Average reward 664.87
2018-12-06 11:20:11,892 INFO Episode 91	Last reward: 2301.1161275437657	Average reward 1334.75
2018-12-06 11:20:18,542 INFO Episode 92	Last reward: 2877.0731660168276	Average reward 3081.22
2018-12-06 11:20:23,558 INFO Episode 93	Last reward: 260.9447463672167	Average reward 1444.18
2018-12-06 11:20:31,588 INFO Episode 94	Last reward: 2919.677913922308	Average reward 2144.11
2018-12-06 11:20:39,245 INFO Episode 95	Last reward: 3077.4249981401895	Average reward 1903.11
2018-12-06 11:20:45,473 INFO Episode 96	Last reward: 2966.09911791271	Average reward 1483.32
2018-12-06 11:20:52,254 INFO Episode 97	Last reward: 2762.9713269346616	Average reward 2349.45
2018-12-06 11:20:59,568 INFO Episode 98	Last reward: 0.24699295647656946	Average reward 1548.69
2018-12-06 11:21:07,986 INFO Episode 99	Last reward: 2851.195182801142	Average reward 2513.89
2018-12-06 11:21:14,391 INFO Episode 100	Last reward: 2874.466696291808	Average reward 3023.18
2018-12-06 11:21:19,499 INFO Episode 101	Last reward: 1300.359665937409	Average reward 2411.29
2018-12-06 11:21:19,500 DEBUG backend agg version v2.2
2018-12-06 11:21:26,577 INFO Episode 102	Last reward: 3055.5706342513163	Average reward 2737.98
2018-12-06 11:21:33,618 INFO Episode 103	Last reward: 2529.8896579658667	Average reward 1932.38
2018-12-06 11:21:40,910 INFO Episode 104	Last reward: 2050.579869281656	Average reward 2268.58
2018-12-06 11:21:48,753 INFO Episode 105	Last reward: 2610.0112588408256	Average reward 1901.86
2018-12-06 11:21:54,344 INFO Episode 106	Last reward: 2801.840734416829	Average reward 2056.16
2018-12-06 11:22:00,801 INFO Episode 107	Last reward: 2268.9391366556815	Average reward 2490.19
2018-12-06 11:22:06,502 INFO Episode 108	Last reward: 0.9707027458228659	Average reward 1530.66
2018-12-06 11:22:13,737 INFO Episode 109	Last reward: 2848.377709950898	Average reward 2936.42
2018-12-06 11:22:20,204 INFO Episode 110	Last reward: -1.9655845759032897e-12	Average reward -0.00
2018-12-06 11:22:26,297 INFO Episode 111	Last reward: -2.2972500899127515e-12	Average reward -0.00
2018-12-06 11:22:33,004 INFO Episode 112	Last reward: -4.550988548942388e-11	Average reward -0.00
2018-12-06 11:22:39,973 INFO Episode 113	Last reward: 0.8617634152297494	Average reward 0.97
2018-12-06 11:22:46,659 INFO Episode 114	Last reward: 0.8922823558601257	Average reward 0.83
2018-12-06 11:22:53,976 INFO Episode 115	Last reward: 1.15566989210278	Average reward 0.64
2018-12-06 11:23:00,244 INFO Episode 116	Last reward: -4.013499424446185e-12	Average reward -0.00
2018-12-06 11:23:06,369 INFO Episode 117	Last reward: -2.2397770125726603e-09	Average reward -0.00
2018-12-06 11:23:11,808 INFO Episode 118	Last reward: -2.0048184775426326e-13	Average reward -0.00
2018-12-06 11:23:17,342 INFO Episode 119	Last reward: -1.5237262725675673e-13	Average reward -0.00
2018-12-06 11:23:23,020 INFO Episode 120	Last reward: -8.536072321256728e-11	Average reward -0.00
2018-12-06 11:23:28,407 INFO Episode 121	Last reward: -7.007039124895963e-06	Average reward -0.00
2018-12-06 11:23:33,637 INFO Episode 122	Last reward: -6.889092216570611e-06	Average reward -0.00
2018-12-06 11:23:38,800 INFO Episode 123	Last reward: -1.6810461554751117e-11	Average reward -0.00
2018-12-06 11:23:44,395 INFO Episode 124	Last reward: -1.8418454303239866e-13	Average reward -0.00
2018-12-06 11:23:50,040 INFO Episode 125	Last reward: -6.94415185083546e-11	Average reward -0.00
2018-12-06 11:23:55,292 INFO Episode 126	Last reward: -4.1940714819277696e-10	Average reward -0.00
2018-12-06 11:24:00,910 INFO Episode 127	Last reward: -1.3052882293251013e-11	Average reward -0.00
2018-12-06 11:24:06,827 INFO Episode 128	Last reward: -1.5841160451716244e-11	Average reward -0.00
2018-12-06 11:24:12,448 INFO Episode 129	Last reward: -3.726831800163929e-12	Average reward -0.00
2018-12-06 11:24:17,743 INFO Episode 130	Last reward: -6.209234936118613e-13	Average reward -0.00
2018-12-06 11:24:23,070 INFO Episode 131	Last reward: -1.8177537597588904e-13	Average reward -0.00
2018-12-06 11:24:28,731 INFO Episode 132	Last reward: -6.784859935469805e-10	Average reward -0.00
2018-12-06 11:24:34,381 INFO Episode 133	Last reward: -8.556507525108934e-09	Average reward -0.00
2018-12-06 11:24:40,336 INFO Episode 134	Last reward: -1.2039562997083017e-09	Average reward -0.00
2018-12-06 11:24:45,755 INFO Episode 135	Last reward: -1.81066030355231e-06	Average reward -0.00
2018-12-06 11:24:51,327 INFO Episode 136	Last reward: -1.008465266381568e-05	Average reward -0.00
2018-12-06 11:24:56,840 INFO Episode 137	Last reward: -1.6074224541872402e-06	Average reward -0.00
2018-12-06 11:25:02,408 INFO Episode 138	Last reward: -2.0917126572158523e-13	Average reward -0.00
2018-12-06 11:25:07,752 INFO Episode 139	Last reward: -2.5422578426653726e-09	Average reward -0.00
2018-12-06 11:25:13,324 INFO Episode 140	Last reward: -2.1749955243776936e-10	Average reward -0.00
2018-12-06 11:25:19,284 INFO Episode 141	Last reward: -2.4927833399465007e-13	Average reward -0.00
2018-12-06 11:25:24,767 INFO Episode 142	Last reward: -2.3482161263078854e-08	Average reward -0.00
2018-12-06 11:25:30,375 INFO Episode 143	Last reward: -3.5505460449564065e-10	Average reward -0.00
2018-12-06 11:25:35,856 INFO Episode 144	Last reward: -1.252125894808086e-10	Average reward -0.00
2018-12-06 11:25:41,125 INFO Episode 145	Last reward: -1.252680652265528e-08	Average reward -0.00
2018-12-06 11:25:46,418 INFO Episode 146	Last reward: -1.6993368447164523e-13	Average reward -0.00
2018-12-06 11:25:52,276 INFO Episode 147	Last reward: -2.4742877790767214e-11	Average reward -0.00
2018-12-06 11:25:57,674 INFO Episode 148	Last reward: -6.691435456500394e-12	Average reward -0.00
2018-12-06 11:26:03,079 INFO Episode 149	Last reward: -1.745898184386247e-13	Average reward -0.00
2018-12-06 11:26:08,294 INFO Episode 150	Last reward: -1.7990051564504953e-13	Average reward -0.00
2018-12-06 11:26:13,753 INFO Episode 151	Last reward: -1.6336902401218826e-13	Average reward -0.00
2018-12-06 11:26:19,597 INFO Episode 152	Last reward: -3.3234887923135297e-12	Average reward -0.00
2018-12-06 11:26:25,353 INFO Episode 153	Last reward: -2.3760087103833448e-11	Average reward -0.00
2018-12-06 11:26:30,704 INFO Episode 154	Last reward: -1.6224603585864392e-13	Average reward -0.00
2018-12-06 11:26:36,102 INFO Episode 155	Last reward: -4.210387281888453e-12	Average reward -0.00
2018-12-06 11:26:41,780 INFO Episode 156	Last reward: -1.5440684485303698e-13	Average reward -0.00
2018-12-06 11:26:47,347 INFO Episode 157	Last reward: -3.739892779358981e-12	Average reward -0.00
2018-12-06 11:26:53,228 INFO Episode 158	Last reward: -1.4891119311449394e-12	Average reward -0.00
2018-12-06 11:26:58,906 INFO Episode 159	Last reward: -2.032761930383582e-11	Average reward -0.00
2018-12-06 11:27:04,244 INFO Episode 160	Last reward: -1.0197515202542932e-11	Average reward -0.00
2018-12-06 11:27:09,737 INFO Episode 161	Last reward: -2.687901304443105e-11	Average reward -0.00
2018-12-06 11:27:15,086 INFO Episode 162	Last reward: -1.8362251318570766e-12	Average reward -0.00
2018-12-06 11:27:20,633 INFO Episode 163	Last reward: -1.4881511560352996e-11	Average reward -0.00
2018-12-06 11:27:26,075 INFO Episode 164	Last reward: -9.394106738928296e-12	Average reward -0.00
2018-12-06 11:27:31,616 INFO Episode 165	Last reward: -6.933879238171465e-12	Average reward -0.00
2018-12-06 11:27:37,063 INFO Episode 166	Last reward: -1.4177653062892094e-13	Average reward -0.00
2018-12-06 11:27:42,649 INFO Episode 167	Last reward: -2.2615868351810827e-11	Average reward -0.00
2018-12-06 11:27:48,818 INFO Episode 168	Last reward: -5.467578327841244e-11	Average reward -0.00
2018-12-06 11:27:54,320 INFO Episode 169	Last reward: -3.4549600890594957e-12	Average reward -0.00
2018-12-06 11:28:00,119 INFO Episode 170	Last reward: -8.373784574475567e-11	Average reward -0.00
2018-12-06 11:28:05,575 INFO Episode 171	Last reward: -1.338257667586629e-13	Average reward -0.00
2018-12-06 11:28:10,789 INFO Episode 172	Last reward: -1.691880284550953e-13	Average reward -0.00
2018-12-06 11:28:16,163 INFO Episode 173	Last reward: -1.330826714496362e-13	Average reward -0.00
2018-12-06 11:28:21,711 INFO Episode 174	Last reward: -1.5840022772851699e-13	Average reward -0.00
2018-12-06 11:28:26,957 INFO Episode 175	Last reward: -1.2012294658159934e-13	Average reward -0.00
2018-12-06 11:28:31,947 INFO Episode 176	Last reward: -1.1572019443340648e-13	Average reward -0.00
2018-12-06 11:28:37,256 INFO Episode 177	Last reward: -1.2325660728384552e-13	Average reward -0.00
2018-12-06 11:28:42,472 INFO Episode 178	Last reward: -1.2730433296276273e-13	Average reward -0.00
2018-12-06 11:28:47,784 INFO Episode 179	Last reward: -1.3112686419715389e-13	Average reward -0.00
2018-12-06 11:28:52,974 INFO Episode 180	Last reward: -1.2967886201801635e-13	Average reward -0.00
2018-12-06 11:28:58,268 INFO Episode 181	Last reward: -1.3046918260493692e-13	Average reward -0.00
2018-12-06 11:29:03,784 INFO Episode 182	Last reward: -1.555434638659626e-13	Average reward -0.00
2018-12-06 11:29:09,607 INFO Episode 183	Last reward: -1.318799367078791e-13	Average reward -0.00
2018-12-06 11:29:14,713 INFO Episode 184	Last reward: -1.3256281711242508e-13	Average reward -0.00
2018-12-06 11:29:19,905 INFO Episode 185	Last reward: -1.4155532858842368e-13	Average reward -0.00
2018-12-06 11:29:25,047 INFO Episode 186	Last reward: -1.354020068576831e-13	Average reward -0.00
2018-12-06 11:29:30,211 INFO Episode 187	Last reward: -1.4195986988203068e-13	Average reward -0.00
2018-12-06 11:29:35,518 INFO Episode 188	Last reward: -1.313012881837486e-13	Average reward -0.00
2018-12-06 11:29:40,694 INFO Episode 189	Last reward: -1.2288287813263723e-13	Average reward -0.00
2018-12-06 11:29:45,912 INFO Episode 190	Last reward: -1.1051767524054177e-13	Average reward -0.00
2018-12-06 11:29:51,234 INFO Episode 191	Last reward: -1.4860611777006632e-13	Average reward -0.00
2018-12-06 11:29:56,660 INFO Episode 192	Last reward: -1.158841308023625e-13	Average reward -0.00
2018-12-06 11:30:01,875 INFO Episode 193	Last reward: -1.1179717557274218e-13	Average reward -0.00
2018-12-06 11:30:07,065 INFO Episode 194	Last reward: -1.196960674958898e-13	Average reward -0.00
2018-12-06 11:30:12,432 INFO Episode 195	Last reward: -1.0793291837432846e-13	Average reward -0.00
2018-12-06 11:30:17,806 INFO Episode 196	Last reward: -1.1114010363804973e-13	Average reward -0.00
2018-12-06 11:30:23,187 INFO Episode 197	Last reward: -1.2360137158801736e-13	Average reward -0.00
2018-12-06 11:30:28,489 INFO Episode 198	Last reward: -1.0741110464532984e-13	Average reward -0.00
2018-12-06 11:30:33,792 INFO Episode 199	Last reward: -1.440060999373411e-13	Average reward -0.00
2018-12-06 11:30:38,980 INFO Episode 200	Last reward: -1.5618725670416454e-13	Average reward -0.00
2018-12-06 11:30:44,065 INFO Episode 201	Last reward: -1.0463040625295285e-13	Average reward -0.00
2018-12-06 11:30:44,067 DEBUG backend agg version v2.2
2018-12-06 11:30:49,963 INFO Episode 202	Last reward: -1.2014270972190614e-13	Average reward -0.00
2018-12-06 11:30:55,303 INFO Episode 203	Last reward: -1.059937953895462e-13	Average reward -0.00
2018-12-06 11:31:00,709 INFO Episode 204	Last reward: -1.0498005165942496e-13	Average reward -0.00
2018-12-06 11:31:06,056 INFO Episode 205	Last reward: -1.1082219409258329e-13	Average reward -0.00
2018-12-06 11:31:11,601 INFO Episode 206	Last reward: -1.4938211538223993e-13	Average reward -0.00
2018-12-06 11:31:17,403 INFO Episode 207	Last reward: -1.1675795708897706e-13	Average reward -0.00
2018-12-06 11:31:22,837 INFO Episode 208	Last reward: -1.242605501803388e-13	Average reward -0.00
2018-12-06 11:31:28,041 INFO Episode 209	Last reward: -1.0819594011803257e-13	Average reward -0.00
2018-12-06 11:31:33,366 INFO Episode 210	Last reward: -1.110581825257777e-13	Average reward -0.00
2018-12-06 11:31:38,645 INFO Episode 211	Last reward: -1.0993489803762295e-13	Average reward -0.00
2018-12-06 11:31:44,022 INFO Episode 212	Last reward: -1.1069413138537905e-13	Average reward -0.00
2018-12-06 11:31:49,395 INFO Episode 213	Last reward: -1.1167201901886741e-13	Average reward -0.00
2018-12-06 11:31:54,845 INFO Episode 214	Last reward: -1.438626098376008e-13	Average reward -0.00
2018-12-06 11:32:00,323 INFO Episode 215	Last reward: -1.0257089929578412e-13	Average reward -0.00
2018-12-06 11:32:06,301 INFO Episode 216	Last reward: -1.0540991071464061e-13	Average reward -0.00
2018-12-06 11:32:11,738 INFO Episode 217	Last reward: -1.3029965625943328e-13	Average reward -0.00
2018-12-06 11:32:16,937 INFO Episode 218	Last reward: -1.034351801481224e-13	Average reward -0.00
2018-12-06 11:32:22,246 INFO Episode 219	Last reward: -1.0161848814170249e-13	Average reward -0.00
2018-12-06 11:32:27,686 INFO Episode 220	Last reward: -1.1706602492803781e-13	Average reward -0.00
2018-12-06 11:32:32,894 INFO Episode 221	Last reward: -1.1245742460453394e-13	Average reward -0.00
2018-12-06 11:32:38,212 INFO Episode 222	Last reward: -1.113082424668114e-13	Average reward -0.00
2018-12-06 11:32:43,513 INFO Episode 223	Last reward: -1.0285243010421984e-13	Average reward -0.00
2018-12-06 11:32:48,762 INFO Episode 224	Last reward: -1.0808676151853606e-13	Average reward -0.00
2018-12-06 11:32:54,027 INFO Episode 225	Last reward: -1.1178927265718167e-13	Average reward -0.00
2018-12-06 11:32:59,096 INFO Episode 226	Last reward: -1.1467763716610734e-13	Average reward -0.00
2018-12-06 11:33:04,571 INFO Episode 227	Last reward: -1.0491467859457395e-13	Average reward -0.00
2018-12-06 11:33:09,960 INFO Episode 228	Last reward: -1.0541693818813592e-13	Average reward -0.00
2018-12-06 11:33:15,723 INFO Episode 229	Last reward: -9.962655617473644e-14	Average reward -0.00
2018-12-06 11:33:21,072 INFO Episode 230	Last reward: -1.0435393748537065e-13	Average reward -0.00
2018-12-06 11:33:26,576 INFO Episode 231	Last reward: -9.824353020535281e-14	Average reward -0.00
2018-12-06 11:33:32,110 INFO Episode 232	Last reward: -1.1257993835635911e-13	Average reward -0.00
2018-12-06 11:33:37,644 INFO Episode 233	Last reward: -1.1040761999980683e-13	Average reward -0.00
2018-12-06 11:33:43,323 INFO Episode 234	Last reward: -1.1851760445471004e-13	Average reward -0.00
2018-12-06 11:33:48,879 INFO Episode 235	Last reward: -1.0969117737504808e-13	Average reward -0.00
2018-12-06 11:33:54,424 INFO Episode 236	Last reward: -1.0066839649143253e-13	Average reward -0.00
2018-12-06 11:34:00,012 INFO Episode 237	Last reward: -1.3551167013522786e-13	Average reward -0.00
2018-12-06 11:34:05,795 INFO Episode 238	Last reward: -1.321395444933692e-13	Average reward -0.00
2018-12-06 11:34:11,216 INFO Episode 239	Last reward: -9.606435953363592e-14	Average reward -0.00
2018-12-06 11:34:16,811 INFO Episode 240	Last reward: -1.151844418181353e-13	Average reward -0.00
2018-12-06 11:34:22,371 INFO Episode 241	Last reward: -1.1454479667032998e-13	Average reward -0.00
2018-12-06 11:34:28,139 INFO Episode 242	Last reward: -2.0946573649313722e-13	Average reward -0.00
2018-12-06 11:34:33,639 INFO Episode 243	Last reward: -1.7663822890793574e-13	Average reward -0.00
2018-12-06 11:34:39,231 INFO Episode 244	Last reward: -1.4829756832777748e-13	Average reward -0.00
2018-12-06 11:34:44,759 INFO Episode 245	Last reward: -1.7729761406451466e-13	Average reward -0.00
2018-12-06 11:34:50,311 INFO Episode 246	Last reward: -5.061583473861455e-13	Average reward -0.00
2018-12-06 11:34:56,126 INFO Episode 247	Last reward: -1.365626301040868e-13	Average reward -0.00
2018-12-06 11:35:01,424 INFO Episode 248	Last reward: -1.2528304304129765e-13	Average reward -0.00
2018-12-06 11:35:06,918 INFO Episode 249	Last reward: -1.2824567217124305e-13	Average reward -0.00
2018-12-06 11:35:12,229 INFO Episode 250	Last reward: -1.1092394564958919e-13	Average reward -0.00
2018-12-06 11:35:17,723 INFO Episode 251	Last reward: -1.2972977739848333e-13	Average reward -0.00
2018-12-06 11:35:23,127 INFO Episode 252	Last reward: -1.305692600067177e-13	Average reward -0.00
2018-12-06 11:35:28,397 INFO Episode 253	Last reward: -1.0514381062053112e-13	Average reward -0.00
2018-12-06 11:35:33,935 INFO Episode 254	Last reward: -1.2879162258866025e-13	Average reward -0.00
2018-12-06 11:35:39,250 INFO Episode 255	Last reward: -1.102708690856978e-13	Average reward -0.00
2018-12-06 11:35:44,950 INFO Episode 256	Last reward: -1.0741937197441965e-13	Average reward -0.00
2018-12-06 11:35:50,307 INFO Episode 257	Last reward: -1.3023910277683337e-13	Average reward -0.00
2018-12-06 11:35:55,723 INFO Episode 258	Last reward: -9.63020747059467e-14	Average reward -0.00
2018-12-06 11:36:01,326 INFO Episode 259	Last reward: -1.1252451864619907e-13	Average reward -0.00
2018-12-06 11:36:06,585 INFO Episode 260	Last reward: -1.0547811670426348e-13	Average reward -0.00
2018-12-06 11:36:12,055 INFO Episode 261	Last reward: -1.0038807157194045e-13	Average reward -0.00
2018-12-06 11:36:17,505 INFO Episode 262	Last reward: -1.147115130237379e-13	Average reward -0.00
2018-12-06 11:36:22,727 INFO Episode 263	Last reward: -1.0470313671266543e-13	Average reward -0.00
2018-12-06 11:36:27,992 INFO Episode 264	Last reward: -1.007882042231059e-13	Average reward -0.00
2018-12-06 11:36:33,609 INFO Episode 265	Last reward: -1.09192540171491e-13	Average reward -0.00
2018-12-06 11:36:39,055 INFO Episode 266	Last reward: -1.1039132556490028e-13	Average reward -0.00
2018-12-06 11:36:44,810 INFO Episode 267	Last reward: -1.17781327854813e-13	Average reward -0.00
2018-12-06 11:36:50,088 INFO Episode 268	Last reward: -1.0300415403798119e-13	Average reward -0.00
2018-12-06 11:36:55,651 INFO Episode 269	Last reward: -1.0756343777883035e-13	Average reward -0.00
2018-12-06 11:37:01,189 INFO Episode 270	Last reward: -1.1367083857047651e-13	Average reward -0.00
2018-12-06 11:37:06,942 INFO Episode 271	Last reward: -1.06046506806105e-13	Average reward -0.00
2018-12-06 11:37:12,825 INFO Episode 272	Last reward: -1.0361386635042219e-13	Average reward -0.00
2018-12-06 11:37:18,820 INFO Episode 273	Last reward: -1.0676642816050769e-13	Average reward -0.00
2018-12-06 11:37:24,340 INFO Episode 274	Last reward: -1.0645407382223015e-13	Average reward -0.00
2018-12-06 11:37:29,781 INFO Episode 275	Last reward: -1.2299742136511177e-13	Average reward -0.00
2018-12-06 11:37:35,398 INFO Episode 276	Last reward: -1.2079889512631736e-13	Average reward -0.00
2018-12-06 11:37:40,799 INFO Episode 277	Last reward: -1.1526414366452093e-13	Average reward -0.00
2018-12-06 11:37:46,080 INFO Episode 278	Last reward: -1.2501098908698817e-13	Average reward -0.00
2018-12-06 11:37:51,514 INFO Episode 279	Last reward: -1.4702727771980115e-13	Average reward -0.00
2018-12-06 11:37:57,106 INFO Episode 280	Last reward: -1.0232480005676332e-13	Average reward -0.00
2018-12-06 11:38:02,505 INFO Episode 281	Last reward: -1.0689477448532259e-13	Average reward -0.00
2018-12-06 11:38:07,732 INFO Episode 282	Last reward: -1.2202302003034626e-13	Average reward -0.00
2018-12-06 11:38:13,463 INFO Episode 283	Last reward: -1.2214324652665665e-13	Average reward -0.00
2018-12-06 11:38:18,875 INFO Episode 284	Last reward: -1.0445454099800433e-13	Average reward -0.00
2018-12-06 11:38:24,130 INFO Episode 285	Last reward: -1.0383585114583409e-13	Average reward -0.00
2018-12-06 11:38:29,405 INFO Episode 286	Last reward: -1.0899139491469502e-13	Average reward -0.00
2018-12-06 11:38:34,795 INFO Episode 287	Last reward: -1.1292403897440536e-13	Average reward -0.00
2018-12-06 11:38:40,017 INFO Episode 288	Last reward: -1.1559696687283083e-13	Average reward -0.00
2018-12-06 11:38:45,229 INFO Episode 289	Last reward: -1.1003771967610257e-13	Average reward -0.00
2018-12-06 11:38:50,622 INFO Episode 290	Last reward: -1.1118625881239568e-13	Average reward -0.00
2018-12-06 11:38:55,937 INFO Episode 291	Last reward: -1.0898943282148273e-13	Average reward -0.00
2018-12-06 11:39:02,021 INFO Episode 292	Last reward: -1.0503046553535167e-13	Average reward -0.00
2018-12-06 11:39:07,772 INFO Episode 293	Last reward: -1.2815897159152564e-13	Average reward -0.00
2018-12-06 11:39:13,489 INFO Episode 294	Last reward: -1.0886050676699142e-13	Average reward -0.00
2018-12-06 11:39:18,965 INFO Episode 295	Last reward: -1.0832120474221702e-13	Average reward -0.00
2018-12-06 11:39:24,532 INFO Episode 296	Last reward: -1.1528380095530494e-13	Average reward -0.00
2018-12-06 11:39:29,880 INFO Episode 297	Last reward: -1.2151621185868075e-13	Average reward -0.00
2018-12-06 11:39:35,339 INFO Episode 298	Last reward: -1.1225757937951276e-13	Average reward -0.00
2018-12-06 11:39:40,768 INFO Episode 299	Last reward: -1.0541194133847977e-13	Average reward -0.00
2018-12-06 11:39:46,042 INFO Episode 300	Last reward: -1.2225215704142312e-13	Average reward -0.00
2018-12-06 11:39:51,377 INFO Episode 301	Last reward: -1.1289394534282579e-13	Average reward -0.00
2018-12-06 11:39:51,379 DEBUG backend agg version v2.2
2018-12-06 11:39:57,926 INFO Episode 302	Last reward: -1.135092458230256e-13	Average reward -0.00
2018-12-06 11:40:03,341 INFO Episode 303	Last reward: -1.0150413769595521e-13	Average reward -0.00
2018-12-06 11:40:08,808 INFO Episode 304	Last reward: -1.2285774434429355e-13	Average reward -0.00
2018-12-06 11:40:14,134 INFO Episode 305	Last reward: -1.0505039950203261e-13	Average reward -0.00
2018-12-06 11:40:19,527 INFO Episode 306	Last reward: -1.0174315450568564e-13	Average reward -0.00
2018-12-06 11:40:24,752 INFO Episode 307	Last reward: -1.146578712259769e-13	Average reward -0.00
2018-12-06 11:40:30,168 INFO Episode 308	Last reward: -1.1220282465131593e-13	Average reward -0.00
2018-12-06 11:40:35,454 INFO Episode 309	Last reward: -1.1419698424393394e-13	Average reward -0.00
2018-12-06 11:40:41,540 INFO Episode 310	Last reward: -1.2492264094160666e-13	Average reward -0.00
2018-12-06 11:40:47,195 INFO Episode 311	Last reward: -1.0657713484788384e-13	Average reward -0.00
2018-12-06 11:40:52,827 INFO Episode 312	Last reward: -1.1699716012653724e-13	Average reward -0.00
2018-12-06 11:40:58,373 INFO Episode 313	Last reward: -1.1619903342321493e-13	Average reward -0.00
2018-12-06 11:41:03,681 INFO Episode 314	Last reward: -1.0564153379288204e-13	Average reward -0.00
2018-12-06 11:41:09,126 INFO Episode 315	Last reward: -1.192518668952401e-13	Average reward -0.00
2018-12-06 11:41:14,354 INFO Episode 316	Last reward: -1.089013822485131e-13	Average reward -0.00
2018-12-06 11:41:19,565 INFO Episode 317	Last reward: -1.1399902419967063e-13	Average reward -0.00
2018-12-06 11:41:24,985 INFO Episode 318	Last reward: -2.6068594618785536e-13	Average reward -0.00
2018-12-06 11:41:30,828 INFO Episode 319	Last reward: -1.1024387128735303e-13	Average reward -0.00
2018-12-06 11:41:36,688 INFO Episode 320	Last reward: -1.1000243697532716e-13	Average reward -0.00
2018-12-06 11:41:42,183 INFO Episode 321	Last reward: -1.0994318767378167e-13	Average reward -0.00
2018-12-06 11:41:47,527 INFO Episode 322	Last reward: -1.033353109603833e-13	Average reward -0.00
2018-12-06 11:41:52,807 INFO Episode 323	Last reward: -1.4003869749101563e-13	Average reward -0.00
2018-12-06 11:41:58,160 INFO Episode 324	Last reward: -1.138555860889874e-13	Average reward -0.00
2018-12-06 11:42:03,422 INFO Episode 325	Last reward: -1.1970720911776165e-13	Average reward -0.00
2018-12-06 11:42:08,692 INFO Episode 326	Last reward: -1.1233721600212033e-13	Average reward -0.00
2018-12-06 11:42:15,052 INFO Episode 327	Last reward: -1.2325401171347435e-13	Average reward -0.00
2018-12-06 11:42:21,003 INFO Episode 328	Last reward: -1.2186574580132028e-13	Average reward -0.00
2018-12-06 11:42:26,913 INFO Episode 329	Last reward: -1.0452384220013633e-13	Average reward -0.00
2018-12-06 11:42:32,386 INFO Episode 330	Last reward: -1.0576150725565503e-13	Average reward -0.00
2018-12-06 11:42:37,729 INFO Episode 331	Last reward: -1.1448430996473143e-13	Average reward -0.00
2018-12-06 11:42:43,047 INFO Episode 332	Last reward: -1.1496050700733927e-13	Average reward -0.00
2018-12-06 11:42:49,783 INFO Episode 333	Last reward: -1.1320129207216021e-13	Average reward -0.00
2018-12-06 11:42:55,207 INFO Episode 334	Last reward: -1.1204674079864532e-13	Average reward -0.00
2018-12-06 11:43:00,612 INFO Episode 335	Last reward: -1.1208701186306931e-13	Average reward -0.00
2018-12-06 11:43:05,872 INFO Episode 336	Last reward: -1.1138768395195297e-13	Average reward -0.00
2018-12-06 11:43:11,243 INFO Episode 337	Last reward: -1.0824658966995627e-13	Average reward -0.00
2018-12-06 11:43:16,822 INFO Episode 338	Last reward: -1.297119012038989e-13	Average reward -0.00
2018-12-06 11:43:22,240 INFO Episode 339	Last reward: -1.15770556404186e-13	Average reward -0.00
2018-12-06 11:43:27,676 INFO Episode 340	Last reward: -1.0983969414682675e-13	Average reward -0.00
2018-12-06 11:43:33,521 INFO Episode 341	Last reward: -1.1052087203626391e-13	Average reward -0.00
2018-12-06 11:43:39,325 INFO Episode 342	Last reward: -1.1260503761388768e-13	Average reward -0.00
2018-12-06 11:43:45,201 INFO Episode 343	Last reward: -1.0953639697455501e-13	Average reward -0.00
2018-12-06 11:43:50,679 INFO Episode 344	Last reward: -1.0599737239138634e-13	Average reward -0.00
2018-12-06 11:43:56,146 INFO Episode 345	Last reward: -1.0427768432250772e-13	Average reward -0.00
2018-12-06 11:44:01,411 INFO Episode 346	Last reward: -1.4629579971431398e-13	Average reward -0.00
2018-12-06 11:44:07,060 INFO Episode 347	Last reward: -1.0318954051911559e-13	Average reward -0.00
2018-12-06 11:44:12,443 INFO Episode 348	Last reward: -1.1981826103842726e-13	Average reward -0.00
2018-12-06 11:44:17,863 INFO Episode 349	Last reward: -1.1096738954084992e-13	Average reward -0.00
2018-12-06 11:44:23,257 INFO Episode 350	Last reward: -1.1684217257438681e-13	Average reward -0.00
2018-12-06 11:44:29,023 INFO Episode 351	Last reward: -1.1994029430257544e-13	Average reward -0.00
2018-12-06 11:44:34,361 INFO Episode 352	Last reward: -1.0426455574675033e-13	Average reward -0.00
2018-12-06 11:44:39,771 INFO Episode 353	Last reward: -1.0334652522357465e-13	Average reward -0.00
2018-12-06 11:44:45,058 INFO Episode 354	Last reward: -1.0187095434097503e-13	Average reward -0.00
2018-12-06 11:44:50,239 INFO Episode 355	Last reward: -1.153180779742854e-13	Average reward -0.00
2018-12-06 11:44:56,039 INFO Episode 356	Last reward: -1.0287698222010369e-13	Average reward -0.00
2018-12-06 11:45:01,355 INFO Episode 357	Last reward: -1.1352497826601856e-13	Average reward -0.00
2018-12-06 11:45:06,621 INFO Episode 358	Last reward: -1.0471788230159325e-13	Average reward -0.00
2018-12-06 11:45:11,950 INFO Episode 359	Last reward: -1.1081110717629838e-13	Average reward -0.00
2018-12-06 11:45:17,305 INFO Episode 360	Last reward: -1.0303116285684591e-13	Average reward -0.00
2018-12-06 11:45:22,620 INFO Episode 361	Last reward: -1.1079723692218177e-13	Average reward -0.00
2018-12-06 11:45:27,808 INFO Episode 362	Last reward: -1.1134160988877062e-13	Average reward -0.00
