2018-12-06 11:51:04,800 INFO Episode 1	Last reward: 19.522566689822245	Average reward 10.81
2018-12-06 11:51:04,801 DEBUG backend agg version v2.2
2018-12-06 11:51:04,836 DEBUG findfont: Matching :family=sans-serif:style=normal:variant=normal:weight=normal:stretch=normal:size=10.0 to Liberation Sans ('/usr/share/fonts/truetype/liberation/LiberationSans-Regular.ttf') with score of 2.050000
2018-12-06 11:51:09,462 INFO Episode 2	Last reward: 62.52930607405003	Average reward 12.29
2018-12-06 11:51:14,102 INFO Episode 3	Last reward: 7.649563303406918	Average reward 12.63
2018-12-06 11:51:18,458 INFO Episode 4	Last reward: 9.225272407088417	Average reward 13.57
2018-12-06 11:51:22,814 INFO Episode 5	Last reward: 18.559596888318328	Average reward 16.08
2018-12-06 11:51:27,453 INFO Episode 6	Last reward: 11.543329178760606	Average reward 7.61
2018-12-06 11:51:31,996 INFO Episode 7	Last reward: 18.738305381850438	Average reward 7.65
2018-12-06 11:51:36,451 INFO Episode 8	Last reward: 8.119151982969871	Average reward 9.97
2018-12-06 11:51:40,927 INFO Episode 9	Last reward: 13.141071835592733	Average reward 8.58
2018-12-06 11:51:45,317 INFO Episode 10	Last reward: 5.626730372176688	Average reward 8.54
2018-12-06 11:51:49,727 INFO Episode 11	Last reward: 9.294599389683174	Average reward 9.00
2018-12-06 11:51:54,077 INFO Episode 12	Last reward: 8.770529662140989	Average reward 8.45
2018-12-06 11:51:58,442 INFO Episode 13	Last reward: 24.177326534462686	Average reward 9.84
2018-12-06 11:52:02,755 INFO Episode 14	Last reward: 5.632217376907456	Average reward 9.68
2018-12-06 11:52:07,326 INFO Episode 15	Last reward: 8.255208639314546	Average reward 9.66
2018-12-06 11:52:11,850 INFO Episode 16	Last reward: 8.635831728389961	Average reward 9.20
2018-12-06 11:52:16,413 INFO Episode 17	Last reward: 7.074664457555776	Average reward 9.27
2018-12-06 11:52:21,036 INFO Episode 18	Last reward: 7.22106931177353	Average reward 8.79
2018-12-06 11:52:25,488 INFO Episode 19	Last reward: 16.480783319504198	Average reward 9.15
2018-12-06 11:52:29,851 INFO Episode 20	Last reward: 4.307305938515299	Average reward 7.94
2018-12-06 11:52:34,188 INFO Episode 21	Last reward: 9.525052821776338	Average reward 9.57
2018-12-06 11:52:38,533 INFO Episode 22	Last reward: 16.740301579557297	Average reward 9.80
2018-12-06 11:52:42,939 INFO Episode 23	Last reward: 11.841877806676353	Average reward 10.50
2018-12-06 11:52:47,603 INFO Episode 24	Last reward: 7.4897332225701225	Average reward 8.92
2018-12-06 11:52:51,995 INFO Episode 25	Last reward: 15.830851238104088	Average reward 9.88
2018-12-06 11:52:56,403 INFO Episode 26	Last reward: 5.378122540378626	Average reward 11.23
2018-12-06 11:53:00,737 INFO Episode 27	Last reward: 13.479789948628817	Average reward 11.41
2018-12-06 11:53:05,153 INFO Episode 28	Last reward: 17.57318038362245	Average reward 10.01
2018-12-06 11:53:09,616 INFO Episode 29	Last reward: 4.688075744190652	Average reward 10.04
2018-12-06 11:53:14,159 INFO Episode 30	Last reward: 14.22571343432577	Average reward 9.56
2018-12-06 11:53:18,696 INFO Episode 31	Last reward: 5.251984627257926	Average reward 11.61
2018-12-06 11:53:22,992 INFO Episode 32	Last reward: 16.63995268047051	Average reward 12.81
2018-12-06 11:53:27,683 INFO Episode 33	Last reward: 17.189631716438374	Average reward 11.45
2018-12-06 11:53:32,094 INFO Episode 34	Last reward: 5.645952730197936	Average reward 10.92
2018-12-06 11:53:36,412 INFO Episode 35	Last reward: 13.819010639262416	Average reward 12.32
2018-12-06 11:53:40,967 INFO Episode 36	Last reward: 7.798212914204126	Average reward 11.45
2018-12-06 11:53:45,517 INFO Episode 37	Last reward: 12.29738660911167	Average reward 12.64
2018-12-06 11:53:49,779 INFO Episode 38	Last reward: 10.389937235332841	Average reward 12.11
2018-12-06 11:53:54,066 INFO Episode 39	Last reward: 10.430270286999813	Average reward 11.94
2018-12-06 11:53:58,491 INFO Episode 40	Last reward: 10.36512306589279	Average reward 11.13
2018-12-06 11:54:02,891 INFO Episode 41	Last reward: 10.424562301257295	Average reward 11.31
2018-12-06 11:54:07,368 INFO Episode 42	Last reward: 14.558759919281288	Average reward 11.28
2018-12-06 11:54:11,769 INFO Episode 43	Last reward: 8.515397935874152	Average reward 11.57
2018-12-06 11:54:16,026 INFO Episode 44	Last reward: 27.941057861173224	Average reward 12.93
2018-12-06 11:54:20,417 INFO Episode 45	Last reward: 13.68251301515865	Average reward 13.03
2018-12-06 11:54:24,913 INFO Episode 46	Last reward: 8.977008581627723	Average reward 12.62
2018-12-06 11:54:29,230 INFO Episode 47	Last reward: 10.498166453100309	Average reward 11.74
2018-12-06 11:54:33,820 INFO Episode 48	Last reward: 5.276435006695632	Average reward 11.58
2018-12-06 11:54:38,256 INFO Episode 49	Last reward: 8.603206240016062	Average reward 12.90
2018-12-06 11:54:42,820 INFO Episode 50	Last reward: 10.256736003981903	Average reward 15.06
2018-12-06 11:54:47,370 INFO Episode 51	Last reward: 15.41675324821258	Average reward 13.46
2018-12-06 11:54:51,741 INFO Episode 52	Last reward: 9.125938660105009	Average reward 11.80
2018-12-06 11:54:56,108 INFO Episode 53	Last reward: 15.41274215528187	Average reward 11.53
2018-12-06 11:55:00,996 INFO Episode 54	Last reward: 29.425488699228964	Average reward 13.44
2018-12-06 11:55:05,377 INFO Episode 55	Last reward: 33.40808092721888	Average reward 13.33
2018-12-06 11:55:09,728 INFO Episode 56	Last reward: 72.28676777022616	Average reward 15.64
2018-12-06 11:55:14,283 INFO Episode 57	Last reward: 38.14316119732551	Average reward 19.79
2018-12-06 11:55:18,689 INFO Episode 58	Last reward: 7.988657137225711	Average reward 18.81
2018-12-06 11:55:23,325 INFO Episode 59	Last reward: 15.276253385154272	Average reward 16.72
2018-12-06 11:55:27,986 INFO Episode 60	Last reward: 17.616595001721688	Average reward 17.33
2018-12-06 11:55:32,477 INFO Episode 61	Last reward: 6.819671125736376	Average reward 21.63
2018-12-06 11:55:36,761 INFO Episode 62	Last reward: 9.504083284315394	Average reward 20.65
2018-12-06 11:55:41,355 INFO Episode 63	Last reward: 23.859037454795683	Average reward 25.32
2018-12-06 11:55:46,166 INFO Episode 64	Last reward: 88.29876270584934	Average reward 80.66
2018-12-06 11:55:50,795 INFO Episode 65	Last reward: 63.10076016340083	Average reward 53.97
2018-12-06 11:55:55,494 INFO Episode 66	Last reward: 47.50067403286705	Average reward 39.88
2018-12-06 11:56:00,154 INFO Episode 67	Last reward: 43.37091158676849	Average reward 54.69
2018-12-06 11:56:04,633 INFO Episode 68	Last reward: 27.31136494885713	Average reward 50.99
2018-12-06 11:56:09,482 INFO Episode 69	Last reward: 34.03638581392038	Average reward 52.38
2018-12-06 11:56:13,986 INFO Episode 70	Last reward: 36.85431824149761	Average reward 55.04
2018-12-06 11:56:18,633 INFO Episode 71	Last reward: 136.99533513740363	Average reward 52.62
2018-12-06 11:56:23,590 INFO Episode 72	Last reward: 131.27391879995378	Average reward 194.69
2018-12-06 11:56:28,605 INFO Episode 73	Last reward: 192.13602870778175	Average reward 112.28
2018-12-06 11:56:34,012 INFO Episode 74	Last reward: 545.2473044837451	Average reward 210.81
2018-12-06 11:56:38,488 INFO Episode 75	Last reward: 54.737568477961865	Average reward 77.29
2018-12-06 11:56:43,031 INFO Episode 76	Last reward: 46.66934472891011	Average reward 141.17
2018-12-06 11:56:47,620 INFO Episode 77	Last reward: 291.2931808135799	Average reward 204.85
2018-12-06 11:56:52,005 INFO Episode 78	Last reward: 423.5282718599799	Average reward 252.18
2018-12-06 11:56:58,201 INFO Episode 79	Last reward: 597.4141253874228	Average reward 476.34
2018-12-06 11:57:03,932 INFO Episode 80	Last reward: 836.4963070663746	Average reward 897.18
2018-12-06 11:57:08,984 INFO Episode 81	Last reward: 863.5856793654443	Average reward 327.79
2018-12-06 11:57:14,179 INFO Episode 82	Last reward: 1032.2054370521425	Average reward 1099.90
2018-12-06 11:57:19,587 INFO Episode 83	Last reward: 2119.433753999463	Average reward 1614.67
2018-12-06 11:57:24,604 INFO Episode 84	Last reward: 899.8128462740564	Average reward 1181.75
2018-12-06 11:57:29,522 INFO Episode 85	Last reward: 949.8863320004066	Average reward 1656.72
2018-12-06 11:57:36,191 INFO Episode 86	Last reward: 3003.9848616262507	Average reward 2140.79
2018-12-06 11:57:40,936 INFO Episode 87	Last reward: 2822.7090515687787	Average reward 1484.77
2018-12-06 11:57:48,811 INFO Episode 88	Last reward: 3148.249372138299	Average reward 1880.09
2018-12-06 11:57:55,027 INFO Episode 89	Last reward: 279.97791257825355	Average reward 561.77
2018-12-06 11:58:01,309 INFO Episode 90	Last reward: 365.16937072486667	Average reward 388.72
2018-12-06 11:58:07,380 INFO Episode 91	Last reward: 433.6987351978423	Average reward 513.66
2018-12-06 11:58:13,498 INFO Episode 92	Last reward: 1311.3642558944164	Average reward 1106.76
2018-12-06 11:58:19,683 INFO Episode 93	Last reward: 950.8085503683861	Average reward 1107.62
2018-12-06 11:58:25,331 INFO Episode 94	Last reward: 1025.2268388342766	Average reward 675.43
2018-12-06 11:58:31,360 INFO Episode 95	Last reward: 1014.9372259703292	Average reward 1022.50
2018-12-06 11:58:37,543 INFO Episode 96	Last reward: 153.08194926925228	Average reward 1681.18
2018-12-06 11:58:43,772 INFO Episode 97	Last reward: 3099.4706915978927	Average reward 3014.20
2018-12-06 11:58:50,160 INFO Episode 98	Last reward: -1.670640206205969	Average reward 1584.24
2018-12-06 11:58:55,985 INFO Episode 99	Last reward: -1.6590900424957027	Average reward -1.57
2018-12-06 11:59:02,085 INFO Episode 100	Last reward: -287.7809940246633	Average reward -173.51
2018-12-06 11:59:07,813 INFO Episode 101	Last reward: -181.08859306490854	Average reward -79.91
2018-12-06 11:59:07,814 DEBUG backend agg version v2.2
2018-12-06 11:59:13,979 INFO Episode 102	Last reward: -44.74147888069296	Average reward -245.89
2018-12-06 11:59:19,760 INFO Episode 103	Last reward: -42.446220176281166	Average reward -96.82
2018-12-06 11:59:25,812 INFO Episode 104	Last reward: -26.923455233435213	Average reward -273.01
2018-12-06 11:59:31,478 INFO Episode 105	Last reward: -299.5333389512826	Average reward -145.05
2018-12-06 11:59:37,593 INFO Episode 106	Last reward: -58.015541236162655	Average reward -18.18
2018-12-06 11:59:43,648 INFO Episode 107	Last reward: -220.21381055844435	Average reward -105.86
2018-12-06 11:59:49,481 INFO Episode 108	Last reward: 15.520292473681824	Average reward 12.01
2018-12-06 11:59:55,635 INFO Episode 109	Last reward: 8.335075344920426	Average reward 11.59
2018-12-06 12:00:01,543 INFO Episode 110	Last reward: 15.397273303188982	Average reward 4.40
2018-12-06 12:00:07,701 INFO Episode 111	Last reward: 18.419627812029674	Average reward 20.59
2018-12-06 12:00:13,538 INFO Episode 112	Last reward: -268.20483756779646	Average reward -468.28
2018-12-06 12:00:19,263 INFO Episode 113	Last reward: 8.50232810080295	Average reward 7.99
2018-12-06 12:00:24,991 INFO Episode 114	Last reward: -199.73972523640074	Average reward -199.86
2018-12-06 12:00:31,130 INFO Episode 115	Last reward: 12.231296399085059	Average reward 12.03
2018-12-06 12:00:36,918 INFO Episode 116	Last reward: -215.28416191707134	Average reward -305.11
2018-12-06 12:00:42,762 INFO Episode 117	Last reward: 20.642529756740842	Average reward -83.15
2018-12-06 12:00:47,851 INFO Episode 118	Last reward: 19.758952845293386	Average reward -158.38
2018-12-06 12:00:53,679 INFO Episode 119	Last reward: -228.94872618928653	Average reward -280.60
2018-12-06 12:00:59,635 INFO Episode 120	Last reward: 21.236063665595076	Average reward 22.11
2018-12-06 12:01:05,617 INFO Episode 121	Last reward: 21.88908853264664	Average reward 21.68
2018-12-06 12:01:11,505 INFO Episode 122	Last reward: 22.588160037943183	Average reward 44.49
2018-12-06 12:01:17,211 INFO Episode 123	Last reward: -140.1118098992441	Average reward -78.63
2018-12-06 12:01:21,586 INFO Episode 124	Last reward: -118.1379316003334	Average reward -64.82
2018-12-06 12:01:27,134 INFO Episode 125	Last reward: 0.6468720984871336	Average reward 9.69
2018-12-06 12:01:33,235 INFO Episode 126	Last reward: 7.777710885767249	Average reward 17.20
2018-12-06 12:01:39,122 INFO Episode 127	Last reward: 15.387019721370054	Average reward 15.07
2018-12-06 12:01:44,952 INFO Episode 128	Last reward: -67.18832109062501	Average reward -9.96
2018-12-06 12:01:50,754 INFO Episode 129	Last reward: 13.778601635573683	Average reward 12.51
2018-12-06 12:01:56,616 INFO Episode 130	Last reward: -38.521985276431266	Average reward 4.04
2018-12-06 12:02:02,410 INFO Episode 131	Last reward: 18.53846360625902	Average reward 8.01
2018-12-06 12:02:08,329 INFO Episode 132	Last reward: 16.77615670014953	Average reward 57.60
2018-12-06 12:02:14,197 INFO Episode 133	Last reward: 57.193830531519254	Average reward 36.40
2018-12-06 12:02:20,504 INFO Episode 134	Last reward: 69.3430750157786	Average reward 234.80
2018-12-06 12:02:26,517 INFO Episode 135	Last reward: 33.53084476132424	Average reward 34.23
2018-12-06 12:02:32,365 INFO Episode 136	Last reward: 191.6212991777402	Average reward 104.65
2018-12-06 12:02:38,044 INFO Episode 137	Last reward: -44.538668184959946	Average reward -16.78
2018-12-06 12:02:43,656 INFO Episode 138	Last reward: -35.08885349657669	Average reward 402.91
2018-12-06 12:02:49,663 INFO Episode 139	Last reward: -663.747168987133	Average reward -330.55
2018-12-06 12:02:55,342 INFO Episode 140	Last reward: 2.3846309598924047	Average reward 4.34
2018-12-06 12:03:01,298 INFO Episode 141	Last reward: 1.0518688950073587	Average reward -154.51
2018-12-06 12:03:07,144 INFO Episode 142	Last reward: -292.1542252182226	Average reward -143.55
2018-12-06 12:03:13,013 INFO Episode 143	Last reward: -1.110417669999228	Average reward 0.69
2018-12-06 12:03:18,941 INFO Episode 144	Last reward: -0.9886433743131783	Average reward 1.95
2018-12-06 12:03:25,070 INFO Episode 145	Last reward: 6.0048664649717125	Average reward -4.68
2018-12-06 12:03:30,953 INFO Episode 146	Last reward: 6.676737608769251	Average reward -140.16
2018-12-06 12:03:36,999 INFO Episode 147	Last reward: 17.783044224751137	Average reward 8.34
2018-12-06 12:03:42,958 INFO Episode 148	Last reward: 7.300899357862215	Average reward 7.53
2018-12-06 12:03:48,887 INFO Episode 149	Last reward: -8.384084358572535	Average reward -26.27
2018-12-06 12:03:54,709 INFO Episode 150	Last reward: 8.703742032857525	Average reward -4.96
2018-12-06 12:04:00,875 INFO Episode 151	Last reward: 6.189277838602609	Average reward 6.43
2018-12-06 12:04:07,573 INFO Episode 152	Last reward: 6.775281864269876	Average reward 6.39
2018-12-06 12:04:13,841 INFO Episode 153	Last reward: 7.251559548727335	Average reward 5.76
2018-12-06 12:04:19,736 INFO Episode 154	Last reward: 2.9531199685982594	Average reward 3.31
2018-12-06 12:04:25,668 INFO Episode 155	Last reward: 5.694818954606876	Average reward 4.62
2018-12-06 12:04:31,523 INFO Episode 156	Last reward: 7.420252223592907	Average reward 7.30
2018-12-06 12:04:37,500 INFO Episode 157	Last reward: 15.656470977317253	Average reward 10.21
2018-12-06 12:04:43,398 INFO Episode 158	Last reward: 6.189544384684466	Average reward 5.39
2018-12-06 12:04:49,424 INFO Episode 159	Last reward: 5.459925097277752	Average reward 5.86
2018-12-06 12:04:55,900 INFO Episode 160	Last reward: 6.758586055909482	Average reward -166.90
2018-12-06 12:05:02,116 INFO Episode 161	Last reward: 13.58178593660773	Average reward 24.93
2018-12-06 12:05:08,188 INFO Episode 162	Last reward: 6.49045171164762	Average reward 5.94
2018-12-06 12:05:14,447 INFO Episode 163	Last reward: 46.068929385944344	Average reward 28.48
2018-12-06 12:05:20,944 INFO Episode 164	Last reward: -0.17346535486306708	Average reward -9.25
2018-12-06 12:05:27,088 INFO Episode 165	Last reward: 25.238853563011528	Average reward 23.83
2018-12-06 12:05:33,639 INFO Episode 166	Last reward: 17.093546132248832	Average reward 489.49
2018-12-06 12:05:39,683 INFO Episode 167	Last reward: 103.83704510312367	Average reward 96.84
2018-12-06 12:05:45,429 INFO Episode 168	Last reward: 38.16456556570486	Average reward 22.81
2018-12-06 12:05:49,868 INFO Episode 169	Last reward: 384.24405304831475	Average reward 368.14
2018-12-06 12:05:55,614 INFO Episode 170	Last reward: -0.16664492141377174	Average reward 197.40
2018-12-06 12:06:02,450 INFO Episode 171	Last reward: 13.936643408228726	Average reward 114.66
2018-12-06 12:06:07,838 INFO Episode 172	Last reward: 428.66848757124853	Average reward 180.34
2018-12-06 12:06:12,982 INFO Episode 173	Last reward: 189.54392734610744	Average reward 124.28
2018-12-06 12:06:17,489 INFO Episode 174	Last reward: 84.329122506837	Average reward 92.17
2018-12-06 12:06:22,462 INFO Episode 175	Last reward: 111.05041305188175	Average reward 55.00
2018-12-06 12:06:27,257 INFO Episode 176	Last reward: 43.926111386390204	Average reward 27.73
2018-12-06 12:06:32,132 INFO Episode 177	Last reward: 67.09906290469388	Average reward 45.04
2018-12-06 12:06:36,850 INFO Episode 178	Last reward: 104.95497792819022	Average reward 88.98
2018-12-06 12:06:41,454 INFO Episode 179	Last reward: 186.3996298318744	Average reward 70.75
2018-12-06 12:06:46,487 INFO Episode 180	Last reward: 371.1052053694111	Average reward 62.98
2018-12-06 12:06:50,961 INFO Episode 181	Last reward: 315.6533136502313	Average reward 97.03
2018-12-06 12:06:55,632 INFO Episode 182	Last reward: 210.13846503118444	Average reward 115.83
2018-12-06 12:06:59,967 INFO Episode 183	Last reward: 186.5919374081219	Average reward 142.09
2018-12-06 12:07:04,772 INFO Episode 184	Last reward: 409.9313388820891	Average reward 327.35
2018-12-06 12:07:09,258 INFO Episode 185	Last reward: 437.2043208033057	Average reward 500.65
2018-12-06 12:07:13,739 INFO Episode 186	Last reward: 2690.752465480397	Average reward 1235.47
2018-12-06 12:07:20,633 INFO Episode 187	Last reward: 3011.2768485532843	Average reward 1700.90
2018-12-06 12:07:27,544 INFO Episode 188	Last reward: 2851.8007268886054	Average reward 1929.09
2018-12-06 12:07:33,475 INFO Episode 189	Last reward: 2640.820000227724	Average reward 2698.38
2018-12-06 12:07:38,986 INFO Episode 190	Last reward: 3622.468262313579	Average reward 1529.13
2018-12-06 12:07:44,958 INFO Episode 191	Last reward: 825.0805642930976	Average reward 1313.54
2018-12-06 12:07:51,287 INFO Episode 192	Last reward: 2610.7406407297576	Average reward 1376.74
2018-12-06 12:07:57,748 INFO Episode 193	Last reward: 3084.757335838909	Average reward 3124.43
2018-12-06 12:08:02,979 INFO Episode 194	Last reward: 2094.153358769754	Average reward 1351.62
2018-12-06 12:08:08,893 INFO Episode 195	Last reward: 2959.3737908266335	Average reward 2935.94
2018-12-06 12:08:14,669 INFO Episode 196	Last reward: 3159.2586528020142	Average reward 2856.70
2018-12-06 12:08:21,538 INFO Episode 197	Last reward: 2843.5724593975233	Average reward 700.21
2018-12-06 12:08:27,197 INFO Episode 198	Last reward: 2384.5408502072273	Average reward 2698.55
2018-12-06 12:08:33,168 INFO Episode 199	Last reward: 2706.7448145794997	Average reward 1181.76
2018-12-06 12:08:38,945 INFO Episode 200	Last reward: 3327.421865630315	Average reward 3221.74
2018-12-06 12:08:44,313 INFO Episode 201	Last reward: 760.9011127803487	Average reward 375.73
2018-12-06 12:08:44,314 DEBUG backend agg version v2.2
2018-12-06 12:08:49,946 INFO Episode 202	Last reward: 1329.0229092164436	Average reward 855.14
2018-12-06 12:08:55,601 INFO Episode 203	Last reward: 1191.6628451185268	Average reward 758.56
2018-12-06 12:09:00,093 INFO Episode 204	Last reward: 1430.3404038357044	Average reward 1905.52
2018-12-06 12:09:04,972 INFO Episode 205	Last reward: 449.7959953726781	Average reward 1482.09
2018-12-06 12:09:12,261 INFO Episode 206	Last reward: 2288.715931530099	Average reward 1874.62
2018-12-06 12:09:17,774 INFO Episode 207	Last reward: 3201.8731934081047	Average reward 2962.19
2018-12-06 12:09:24,215 INFO Episode 208	Last reward: 1643.7806157077152	Average reward 1217.48
2018-12-06 12:09:29,313 INFO Episode 209	Last reward: 416.329467407575	Average reward 1429.25
2018-12-06 12:09:34,558 INFO Episode 210	Last reward: 2064.6852711229385	Average reward 2534.83
2018-12-06 12:09:40,274 INFO Episode 211	Last reward: 2713.8633578317185	Average reward 2603.54
2018-12-06 12:09:46,222 INFO Episode 212	Last reward: 3010.863751244559	Average reward 2946.47
2018-12-06 12:09:52,161 INFO Episode 213	Last reward: 3010.7564523053834	Average reward 2989.55
2018-12-06 12:09:58,215 INFO Episode 214	Last reward: 3153.6628782351813	Average reward 1981.53
2018-12-06 12:10:03,319 INFO Episode 215	Last reward: 2877.081668233157	Average reward 2547.76
2018-12-06 12:10:09,604 INFO Episode 216	Last reward: 3251.5183382422606	Average reward 1192.73
2018-12-06 12:10:17,121 INFO Episode 217	Last reward: 3203.710853839606	Average reward 2399.11
2018-12-06 12:10:23,347 INFO Episode 218	Last reward: 3215.557593297173	Average reward 2697.36
2018-12-06 12:10:29,348 INFO Episode 219	Last reward: 2337.441872685769	Average reward 2510.88
2018-12-06 12:10:33,863 INFO Episode 220	Last reward: -0.6514291323309858	Average reward 348.03
2018-12-06 12:10:39,035 INFO Episode 221	Last reward: 2695.6154177037615	Average reward 2403.37
2018-12-06 12:10:44,071 INFO Episode 222	Last reward: 740.680118333574	Average reward 1606.71
2018-12-06 12:10:48,655 INFO Episode 223	Last reward: 2299.76333165168	Average reward 2210.10
2018-12-06 12:10:53,942 INFO Episode 224	Last reward: -1.4382234364695439	Average reward -0.99
2018-12-06 12:10:59,887 INFO Episode 225	Last reward: 1502.9171432803823	Average reward 751.13
2018-12-06 12:11:05,653 INFO Episode 226	Last reward: -0.5557871305446297	Average reward -0.56
2018-12-06 12:11:11,387 INFO Episode 227	Last reward: 10.632150005521366	Average reward 107.95
2018-12-06 12:11:16,933 INFO Episode 228	Last reward: 14.634568816981348	Average reward 17.20
2018-12-06 12:11:22,901 INFO Episode 229	Last reward: 3.376462997752664	Average reward 100.60
2018-12-06 12:11:28,705 INFO Episode 230	Last reward: 9.457891931231503	Average reward 8.39
2018-12-06 12:11:34,542 INFO Episode 231	Last reward: 13.522499667477897	Average reward 20.06
2018-12-06 12:11:40,224 INFO Episode 232	Last reward: 17.050922791908597	Average reward 14.40
2018-12-06 12:11:46,312 INFO Episode 233	Last reward: 7.39177728061758	Average reward 7.26
2018-12-06 12:11:52,040 INFO Episode 234	Last reward: 10.694957807648702	Average reward 11.26
2018-12-06 12:11:57,739 INFO Episode 235	Last reward: 7.932743357388932	Average reward 7.73
2018-12-06 12:12:03,654 INFO Episode 236	Last reward: 4.917605178340549	Average reward 3.76
2018-12-06 12:12:09,511 INFO Episode 237	Last reward: 18.86427143972661	Average reward 16.76
2018-12-06 12:12:15,283 INFO Episode 238	Last reward: 8.820865406652048	Average reward 8.02
2018-12-06 12:12:21,073 INFO Episode 239	Last reward: 2.520296510811129	Average reward 3.25
2018-12-06 12:12:27,064 INFO Episode 240	Last reward: 5.419965667979726	Average reward 4.91
2018-12-06 12:12:33,203 INFO Episode 241	Last reward: 4.482363848230515	Average reward 7.47
2018-12-06 12:12:38,998 INFO Episode 242	Last reward: -0.43030386748508104	Average reward 1.20
2018-12-06 12:12:44,772 INFO Episode 243	Last reward: 5.516899677066194	Average reward 4.35
2018-12-06 12:12:50,649 INFO Episode 244	Last reward: 0.41017406080839774	Average reward -0.05
2018-12-06 12:12:56,332 INFO Episode 245	Last reward: -0.5394614671477228	Average reward 37.30
2018-12-06 12:13:01,881 INFO Episode 246	Last reward: 0.7742712645834	Average reward 0.13
2018-12-06 12:13:08,994 INFO Episode 247	Last reward: 287.7354203899009	Average reward 95.17
2018-12-06 12:13:14,889 INFO Episode 248	Last reward: 110.0393001430471	Average reward 54.76
2018-12-06 12:13:21,506 INFO Episode 249	Last reward: -0.16818194602920084	Average reward -0.78
2018-12-06 12:13:27,509 INFO Episode 250	Last reward: 14.142830617998198	Average reward 8.60
2018-12-06 12:13:33,246 INFO Episode 251	Last reward: -0.21141697104641477	Average reward 0.93
2018-12-06 12:13:39,189 INFO Episode 252	Last reward: 17.20903184765349	Average reward 15.65
2018-12-06 12:13:44,754 INFO Episode 253	Last reward: 21.558400994570786	Average reward -32.80
2018-12-06 12:13:50,589 INFO Episode 254	Last reward: -580.4106045765349	Average reward -626.10
2018-12-06 12:13:56,479 INFO Episode 255	Last reward: 16.322224258811726	Average reward 18.20
2018-12-06 12:14:02,383 INFO Episode 256	Last reward: 40.681161464426914	Average reward 24.19
2018-12-06 12:14:08,279 INFO Episode 257	Last reward: 17.483477626478358	Average reward 97.75
2018-12-06 12:14:14,010 INFO Episode 258	Last reward: 31.358862381602098	Average reward 34.57
2018-12-06 12:14:19,722 INFO Episode 259	Last reward: 18.206521737256846	Average reward 0.52
2018-12-06 12:14:25,538 INFO Episode 260	Last reward: 6.993328944621382	Average reward 13.39
2018-12-06 12:14:31,340 INFO Episode 261	Last reward: 15.555328680339214	Average reward 11.94
2018-12-06 12:14:36,933 INFO Episode 262	Last reward: 19.905804010257878	Average reward 17.82
2018-12-06 12:14:42,502 INFO Episode 263	Last reward: 20.6051486866721	Average reward 19.52
2018-12-06 12:14:48,509 INFO Episode 264	Last reward: 15.41951192111152	Average reward 14.99
2018-12-06 12:14:54,151 INFO Episode 265	Last reward: 28.310572779810624	Average reward 24.20
2018-12-06 12:14:59,859 INFO Episode 266	Last reward: 28.506914620716987	Average reward 33.75
2018-12-06 12:15:05,623 INFO Episode 267	Last reward: 81.255529897962	Average reward 50.03
2018-12-06 12:15:11,155 INFO Episode 268	Last reward: 304.13799932264004	Average reward 164.61
2018-12-06 12:15:16,969 INFO Episode 269	Last reward: 49.93077919719014	Average reward 49.59
2018-12-06 12:15:22,975 INFO Episode 270	Last reward: 312.58745261521324	Average reward 192.05
2018-12-06 12:15:28,525 INFO Episode 271	Last reward: 39.018902117482355	Average reward 263.36
2018-12-06 12:15:34,269 INFO Episode 272	Last reward: 394.02939493622716	Average reward 325.63
2018-12-06 12:15:39,950 INFO Episode 273	Last reward: 55.7032218718696	Average reward 268.81
2018-12-06 12:15:45,769 INFO Episode 274	Last reward: 149.90446768242077	Average reward 135.31
2018-12-06 12:15:51,587 INFO Episode 275	Last reward: 285.1850705286492	Average reward 317.11
2018-12-06 12:15:57,323 INFO Episode 276	Last reward: 571.0658698248259	Average reward 321.90
2018-12-06 12:16:01,626 INFO Episode 277	Last reward: 277.84787418068447	Average reward 280.33
2018-12-06 12:16:06,347 INFO Episode 278	Last reward: 105.4488390137946	Average reward 161.11
2018-12-06 12:16:10,648 INFO Episode 279	Last reward: 220.90423176163614	Average reward 209.34
2018-12-06 12:16:15,131 INFO Episode 280	Last reward: 173.48592220061704	Average reward 119.76
2018-12-06 12:16:19,679 INFO Episode 281	Last reward: 44.209085092948264	Average reward 56.31
2018-12-06 12:16:23,967 INFO Episode 282	Last reward: 14.350581208155933	Average reward 45.47
2018-12-06 12:16:28,531 INFO Episode 283	Last reward: 42.509669891330745	Average reward 23.81
2018-12-06 12:16:32,872 INFO Episode 284	Last reward: 25.955908434008094	Average reward 37.57
2018-12-06 12:16:37,353 INFO Episode 285	Last reward: 174.59079037752625	Average reward 68.18
2018-12-06 12:16:42,021 INFO Episode 286	Last reward: 96.63761269915476	Average reward 53.66
2018-12-06 12:16:46,398 INFO Episode 287	Last reward: 81.86592303965666	Average reward 48.31
2018-12-06 12:16:50,812 INFO Episode 288	Last reward: 61.84331603565344	Average reward 54.87
2018-12-06 12:16:55,268 INFO Episode 289	Last reward: 44.591636854615416	Average reward 48.94
2018-12-06 12:16:59,830 INFO Episode 290	Last reward: 99.90748120295638	Average reward 93.07
2018-12-06 12:17:04,862 INFO Episode 291	Last reward: 433.37353443500643	Average reward 202.10
2018-12-06 12:17:09,601 INFO Episode 292	Last reward: 581.3538931094403	Average reward 245.66
2018-12-06 12:17:14,230 INFO Episode 293	Last reward: 99.72865384185445	Average reward 369.52
2018-12-06 12:17:19,873 INFO Episode 294	Last reward: 991.6118788650485	Average reward 1876.34
2018-12-06 12:17:25,875 INFO Episode 295	Last reward: 1219.6747589327479	Average reward 1623.15
2018-12-06 12:17:31,734 INFO Episode 296	Last reward: 655.1096524155807	Average reward 832.55
2018-12-06 12:17:37,871 INFO Episode 297	Last reward: 2499.4573473524083	Average reward 2431.60
2018-12-06 12:17:42,772 INFO Episode 298	Last reward: 677.5486079707335	Average reward 422.54
2018-12-06 12:17:47,888 INFO Episode 299	Last reward: 1392.9467740347914	Average reward 1875.23
2018-12-06 12:17:52,509 INFO Episode 300	Last reward: 261.2456177620429	Average reward 704.74
2018-12-06 12:17:58,677 INFO Episode 301	Last reward: 2488.907917975222	Average reward 2280.71
2018-12-06 12:17:58,678 DEBUG backend agg version v2.2
2018-12-06 12:18:03,309 INFO Episode 302	Last reward: 2549.57837528182	Average reward 1743.68
2018-12-06 12:18:09,288 INFO Episode 303	Last reward: 1942.6507361274114	Average reward 1710.31
2018-12-06 12:18:14,796 INFO Episode 304	Last reward: 3064.934933730997	Average reward 2651.35
2018-12-06 12:18:20,269 INFO Episode 305	Last reward: 1865.1368875882208	Average reward 1467.71
2018-12-06 12:18:26,007 INFO Episode 306	Last reward: 1498.881713111171	Average reward 1012.05
2018-12-06 12:18:31,725 INFO Episode 307	Last reward: 191.17732789360952	Average reward 337.11
2018-12-06 12:18:37,391 INFO Episode 308	Last reward: 1576.1846148395455	Average reward 1356.89
2018-12-06 12:18:43,533 INFO Episode 309	Last reward: 968.8974526792709	Average reward 1039.02
2018-12-06 12:18:49,313 INFO Episode 310	Last reward: 1677.5393971042351	Average reward 2054.53
2018-12-06 12:18:55,170 INFO Episode 311	Last reward: 1631.99347522123	Average reward 975.58
2018-12-06 12:19:00,881 INFO Episode 312	Last reward: 814.4016086325995	Average reward 1422.34
2018-12-06 12:19:06,535 INFO Episode 313	Last reward: 776.1739669715975	Average reward 1300.51
2018-12-06 12:19:11,816 INFO Episode 314	Last reward: 3277.6607783749732	Average reward 2293.48
2018-12-06 12:19:17,626 INFO Episode 315	Last reward: 2523.558151106814	Average reward 2033.61
2018-12-06 12:19:23,411 INFO Episode 316	Last reward: 1807.6495280411743	Average reward 2024.65
2018-12-06 12:19:29,089 INFO Episode 317	Last reward: 1387.899303112076	Average reward 2128.06
2018-12-06 12:19:34,716 INFO Episode 318	Last reward: 2597.525328799454	Average reward 2035.59
2018-12-06 12:19:39,648 INFO Episode 319	Last reward: 1473.8279451477108	Average reward 2027.35
2018-12-06 12:19:44,523 INFO Episode 320	Last reward: 2803.4523022791773	Average reward 1922.12
2018-12-06 12:19:50,166 INFO Episode 321	Last reward: 2451.600785874109	Average reward 2580.49
