2018-12-06 21:43:11,493 INFO Episode 1	Last reward: 3.705244021191263	Average reward 5.23
2018-12-06 21:43:11,494 DEBUG backend agg version v2.2
2018-12-06 21:43:11,533 DEBUG findfont: Matching :family=sans-serif:style=normal:variant=normal:weight=normal:stretch=normal:size=10.0 to Liberation Sans ('/usr/share/fonts/truetype/liberation/LiberationSans-Regular.ttf') with score of 2.050000
2018-12-06 21:43:17,417 INFO Episode 2	Last reward: 3.647956927159526	Average reward 4.28
2018-12-06 21:43:22,362 INFO Episode 3	Last reward: -1.014798176007255	Average reward 6.22
2018-12-06 21:43:27,757 INFO Episode 4	Last reward: 11.442934824686711	Average reward 5.23
2018-12-06 21:43:32,857 INFO Episode 5	Last reward: 3.6432763760357694	Average reward 6.20
2018-12-06 21:43:37,968 INFO Episode 6	Last reward: 8.867748360271579	Average reward 8.92
2018-12-06 21:43:42,857 INFO Episode 7	Last reward: 48.412727799049286	Average reward 12.16
2018-12-06 21:43:48,075 INFO Episode 8	Last reward: 26.04518590625914	Average reward 10.69
2018-12-06 21:43:53,788 INFO Episode 9	Last reward: 24.02002538504555	Average reward 16.54
2018-12-06 21:43:59,924 INFO Episode 10	Last reward: 61.251226794917415	Average reward 15.42
2018-12-06 21:44:05,836 INFO Episode 11	Last reward: 30.847178237950455	Average reward 20.92
2018-12-06 21:44:12,113 INFO Episode 12	Last reward: 3.5784191756998918	Average reward 15.49
2018-12-06 21:44:18,655 INFO Episode 13	Last reward: 83.89476061934714	Average reward 17.26
2018-12-06 21:44:25,460 INFO Episode 14	Last reward: 3.627804698371028	Average reward 23.01
2018-12-06 21:44:31,261 INFO Episode 15	Last reward: -0.9874600492056234	Average reward 11.47
2018-12-06 21:44:37,518 INFO Episode 16	Last reward: 11.903244672024897	Average reward 12.51
2018-12-06 21:44:43,363 INFO Episode 17	Last reward: 3.7372107076568013	Average reward 28.08
2018-12-06 21:44:48,229 INFO Episode 18	Last reward: 46.81768926130723	Average reward 24.32
2018-12-06 21:44:53,918 INFO Episode 19	Last reward: 3.8475020223081895	Average reward 18.14
2018-12-06 21:44:59,226 INFO Episode 20	Last reward: 58.919223129623944	Average reward 19.56
2018-12-06 21:45:04,185 INFO Episode 21	Last reward: 3.5056553706670672	Average reward 26.78
2018-12-06 21:45:09,103 INFO Episode 22	Last reward: 12.064184698964882	Average reward 11.94
2018-12-06 21:45:14,423 INFO Episode 23	Last reward: 62.77265890007698	Average reward 24.06
2018-12-06 21:45:19,742 INFO Episode 24	Last reward: 146.346926041117	Average reward 27.58
2018-12-06 21:45:24,724 INFO Episode 25	Last reward: 5.263502111773727	Average reward 15.80
2018-12-06 21:45:30,492 INFO Episode 26	Last reward: 5.80789192208414	Average reward 14.82
2018-12-06 21:45:35,870 INFO Episode 27	Last reward: 3.6073278048153883	Average reward 7.23
2018-12-06 21:45:42,079 INFO Episode 28	Last reward: 50.655444155718975	Average reward 14.97
2018-12-06 21:45:47,174 INFO Episode 29	Last reward: 66.72021574582004	Average reward 26.84
2018-12-06 21:45:52,405 INFO Episode 30	Last reward: -0.9346919451163466	Average reward 18.68
2018-12-06 21:45:57,436 INFO Episode 31	Last reward: 71.7815374710596	Average reward 10.22
2018-12-06 21:46:02,743 INFO Episode 32	Last reward: 85.43504994388029	Average reward 26.99
2018-12-06 21:46:08,488 INFO Episode 33	Last reward: 36.67207253390861	Average reward 31.04
2018-12-06 21:46:14,353 INFO Episode 34	Last reward: 3.5870038054847373	Average reward 32.56
2018-12-06 21:46:19,783 INFO Episode 35	Last reward: 32.27749533482889	Average reward 63.02
2018-12-06 21:46:25,089 INFO Episode 36	Last reward: 93.27677195026934	Average reward 30.36
2018-12-06 21:46:30,517 INFO Episode 37	Last reward: -0.7350425269945329	Average reward 29.36
2018-12-06 21:46:35,557 INFO Episode 38	Last reward: -0.6322059197198469	Average reward 31.50
2018-12-06 21:46:40,904 INFO Episode 39	Last reward: 168.16096247004708	Average reward 26.95
2018-12-06 21:46:46,144 INFO Episode 40	Last reward: 177.72674124870372	Average reward 29.68
2018-12-06 21:46:50,981 INFO Episode 41	Last reward: 66.01352775359332	Average reward 29.45
2018-12-06 21:46:56,563 INFO Episode 42	Last reward: 3.5808180012028883	Average reward 28.74
2018-12-06 21:47:02,182 INFO Episode 43	Last reward: 3.4918690290965184	Average reward 25.63
2018-12-06 21:47:07,208 INFO Episode 44	Last reward: 74.98204874691753	Average reward 34.08
2018-12-06 21:47:13,821 INFO Episode 45	Last reward: 3.6269108117570723	Average reward 42.82
2018-12-06 21:47:19,460 INFO Episode 46	Last reward: 73.52652058043861	Average reward 29.21
2018-12-06 21:47:25,125 INFO Episode 47	Last reward: 3.633719520145465	Average reward 41.74
2018-12-06 21:47:33,951 INFO Episode 48	Last reward: 4.489481441640664	Average reward 31.71
2018-12-06 21:47:41,580 INFO Episode 49	Last reward: 3.850662453067873	Average reward 40.92
2018-12-06 21:47:48,947 INFO Episode 50	Last reward: 129.58856842797988	Average reward 25.76
2018-12-06 21:47:55,723 INFO Episode 51	Last reward: 30.38372848862784	Average reward 16.67
2018-12-06 21:48:02,677 INFO Episode 52	Last reward: 3.6282769617914576	Average reward 55.77
2018-12-06 21:48:10,070 INFO Episode 53	Last reward: 88.91190992373917	Average reward 27.42
2018-12-06 21:48:16,065 INFO Episode 54	Last reward: 3.5706804567777772	Average reward 15.79
2018-12-06 21:48:22,165 INFO Episode 55	Last reward: 3.6260604785506345	Average reward 25.14
2018-12-06 21:48:27,266 INFO Episode 56	Last reward: 3.620780010977537	Average reward 26.99
2018-12-06 21:48:32,417 INFO Episode 57	Last reward: 75.60463836716063	Average reward 19.53
2018-12-06 21:48:37,907 INFO Episode 58	Last reward: 160.88456337624442	Average reward 48.87
2018-12-06 21:48:43,355 INFO Episode 59	Last reward: 98.84989844730211	Average reward 25.28
2018-12-06 21:48:48,514 INFO Episode 60	Last reward: 3.523611178680645	Average reward 18.54
2018-12-06 21:48:54,380 INFO Episode 61	Last reward: 3.6264571382965927	Average reward 12.74
2018-12-06 21:49:00,794 INFO Episode 62	Last reward: 3.6297352569702226	Average reward 32.59
2018-12-06 21:49:06,005 INFO Episode 63	Last reward: 124.01706159331688	Average reward 28.46
2018-12-06 21:49:11,910 INFO Episode 64	Last reward: 3.5711120095431843	Average reward 9.00
2018-12-06 21:49:17,600 INFO Episode 65	Last reward: 42.75241663212048	Average reward 25.37
2018-12-06 21:49:23,882 INFO Episode 66	Last reward: 11.165093513477911	Average reward 31.91
2018-12-06 21:49:29,462 INFO Episode 67	Last reward: 3.5992054711506487	Average reward 31.13
2018-12-06 21:49:34,808 INFO Episode 68	Last reward: 66.09790875739624	Average reward 37.15
2018-12-06 21:49:39,923 INFO Episode 69	Last reward: 106.57565023925739	Average reward 20.11
2018-12-06 21:49:47,662 INFO Episode 70	Last reward: 3.601310458570295	Average reward 43.19
2018-12-06 21:49:55,262 INFO Episode 71	Last reward: 3.657104662421947	Average reward 13.59
2018-12-06 21:50:01,090 INFO Episode 72	Last reward: 8.97511659412159	Average reward 41.28
2018-12-06 21:50:06,634 INFO Episode 73	Last reward: 331.56838311081947	Average reward 69.45
2018-12-06 21:50:12,513 INFO Episode 74	Last reward: 49.41684896088898	Average reward 45.92
2018-12-06 21:50:18,578 INFO Episode 75	Last reward: 18.121470948021827	Average reward 54.32
2018-12-06 21:50:24,438 INFO Episode 76	Last reward: 5.5983052552246075	Average reward 44.98
2018-12-06 21:50:31,184 INFO Episode 77	Last reward: 3.6186075759539187	Average reward 33.50
2018-12-06 21:50:37,963 INFO Episode 78	Last reward: 42.79870487248418	Average reward 39.66
2018-12-06 21:50:45,761 INFO Episode 79	Last reward: 3.6428200426999253	Average reward 21.47
2018-12-06 21:50:52,986 INFO Episode 80	Last reward: 195.4168305888423	Average reward 61.84
2018-12-06 21:51:00,210 INFO Episode 81	Last reward: 4.583730789445274	Average reward 24.51
2018-12-06 21:51:09,795 INFO Episode 82	Last reward: 6.866818925979395	Average reward 41.93
2018-12-06 21:51:16,140 INFO Episode 83	Last reward: 44.23024779202245	Average reward 31.10
2018-12-06 21:51:21,963 INFO Episode 84	Last reward: 108.45220672542855	Average reward 82.81
2018-12-06 21:51:28,028 INFO Episode 85	Last reward: 15.014822235549753	Average reward 44.96
2018-12-06 21:51:33,879 INFO Episode 86	Last reward: 142.9327202783982	Average reward 30.31
2018-12-06 21:51:39,449 INFO Episode 87	Last reward: 3.6216292769718397	Average reward 31.35
2018-12-06 21:51:44,355 INFO Episode 88	Last reward: 3.6336612516108593	Average reward 30.55
2018-12-06 21:51:49,714 INFO Episode 89	Last reward: 173.10513604287092	Average reward 80.71
2018-12-06 21:51:55,321 INFO Episode 90	Last reward: 6.404915714947119	Average reward 44.17
2018-12-06 21:52:00,844 INFO Episode 91	Last reward: 3.619055461191655	Average reward 48.53
2018-12-06 21:52:05,924 INFO Episode 92	Last reward: 100.9480138516558	Average reward 30.73
2018-12-06 21:52:12,231 INFO Episode 93	Last reward: 104.95937288720583	Average reward 61.93
2018-12-06 21:52:17,480 INFO Episode 94	Last reward: 225.75559472058626	Average reward 58.96
2018-12-06 21:52:22,622 INFO Episode 95	Last reward: 21.10347164472748	Average reward 42.50
2018-12-06 21:52:27,780 INFO Episode 96	Last reward: 194.94686033594843	Average reward 41.77
2018-12-06 21:52:33,353 INFO Episode 97	Last reward: 3.6297352569702226	Average reward 37.86
2018-12-06 21:52:38,419 INFO Episode 98	Last reward: 3.982482823890493	Average reward 39.02
2018-12-06 21:52:43,688 INFO Episode 99	Last reward: 5.228549825208808	Average reward 40.11
2018-12-06 21:52:48,826 INFO Episode 100	Last reward: 26.004523953733198	Average reward 49.25
2018-12-06 21:52:54,501 INFO Episode 101	Last reward: 3.492658389251649	Average reward 54.02
2018-12-06 21:52:54,502 DEBUG backend agg version v2.2
2018-12-06 21:53:00,228 INFO Episode 102	Last reward: 3.600323989630776	Average reward 36.20
2018-12-06 21:53:05,222 INFO Episode 103	Last reward: 74.19460224471696	Average reward 40.31
2018-12-06 21:53:10,381 INFO Episode 104	Last reward: 101.58694404259583	Average reward 37.04
2018-12-06 21:53:15,480 INFO Episode 105	Last reward: 198.8271854647668	Average reward 35.13
2018-12-06 21:53:21,373 INFO Episode 106	Last reward: 3.620236043104574	Average reward 39.95
2018-12-06 21:53:26,787 INFO Episode 107	Last reward: 281.36886507851256	Average reward 53.32
2018-12-06 21:53:31,986 INFO Episode 108	Last reward: 263.1442035415378	Average reward 60.46
2018-12-06 21:53:37,330 INFO Episode 109	Last reward: 69.42614724307697	Average reward 21.32
2018-12-06 21:53:42,820 INFO Episode 110	Last reward: 198.4729464026019	Average reward 54.25
2018-12-06 21:53:48,778 INFO Episode 111	Last reward: 6.80436574225597	Average reward 26.21
2018-12-06 21:53:56,388 INFO Episode 112	Last reward: 3.586558332340969	Average reward 78.72
2018-12-06 21:54:02,503 INFO Episode 113	Last reward: 3.6315891743637905	Average reward 80.62
2018-12-06 21:54:08,582 INFO Episode 114	Last reward: 92.45785616980888	Average reward 62.00
2018-12-06 21:54:16,236 INFO Episode 115	Last reward: 283.52252859918156	Average reward 104.31
2018-12-06 21:54:23,888 INFO Episode 116	Last reward: 3.6264536821815034	Average reward 37.74
2018-12-06 21:54:31,026 INFO Episode 117	Last reward: 4.00756646979395	Average reward 83.12
2018-12-06 21:54:37,913 INFO Episode 118	Last reward: 129.82008549165633	Average reward 342.45
2018-12-06 21:54:44,045 INFO Episode 119	Last reward: 518.7989003962881	Average reward 210.34
2018-12-06 21:54:52,230 INFO Episode 120	Last reward: 3.1991611452353426	Average reward 259.24
2018-12-06 21:54:59,087 INFO Episode 121	Last reward: 19.490912116575306	Average reward 126.37
2018-12-06 21:55:04,906 INFO Episode 122	Last reward: 763.2622518652751	Average reward 521.21
2018-12-06 21:55:10,560 INFO Episode 123	Last reward: 946.5470992064647	Average reward 464.08
2018-12-06 21:55:16,551 INFO Episode 124	Last reward: 684.5117411131677	Average reward 366.58
2018-12-06 21:55:22,837 INFO Episode 125	Last reward: 78.79911530343107	Average reward 443.05
2018-12-06 21:55:28,665 INFO Episode 126	Last reward: 723.7167041817887	Average reward 362.61
2018-12-06 21:55:33,985 INFO Episode 127	Last reward: 494.0738125344807	Average reward 642.87
2018-12-06 21:55:39,133 INFO Episode 128	Last reward: 548.4915768776281	Average reward 262.43
2018-12-06 21:55:44,848 INFO Episode 129	Last reward: 1222.4703596765041	Average reward 203.19
2018-12-06 21:55:50,232 INFO Episode 130	Last reward: 1001.2130994727702	Average reward 322.42
2018-12-06 21:55:55,731 INFO Episode 131	Last reward: 185.17045845642926	Average reward 455.12
2018-12-06 21:56:02,614 INFO Episode 132	Last reward: 772.6589470270039	Average reward 407.64
2018-12-06 21:56:07,748 INFO Episode 133	Last reward: 1034.873424680251	Average reward 215.13
2018-12-06 21:56:14,213 INFO Episode 134	Last reward: 798.4575135403202	Average reward 249.42
2018-12-06 21:56:19,770 INFO Episode 135	Last reward: 763.1389358531769	Average reward 282.27
2018-12-06 21:56:25,160 INFO Episode 136	Last reward: 51.86577173666862	Average reward 140.40
2018-12-06 21:56:30,452 INFO Episode 137	Last reward: 849.1605468943684	Average reward 163.03
2018-12-06 21:56:36,431 INFO Episode 138	Last reward: 554.8107935661989	Average reward 124.17
2018-12-06 21:56:42,609 INFO Episode 139	Last reward: 593.4093501803435	Average reward 176.34
2018-12-06 21:56:49,844 INFO Episode 140	Last reward: 504.1900397753305	Average reward 182.10
2018-12-06 21:56:57,224 INFO Episode 141	Last reward: 889.8120722483178	Average reward 177.94
2018-12-06 21:57:03,196 INFO Episode 142	Last reward: 18.357196854665556	Average reward 143.25
2018-12-06 21:57:10,853 INFO Episode 143	Last reward: 596.6934589250766	Average reward 167.69
2018-12-06 21:57:18,224 INFO Episode 144	Last reward: 3.58661861438715	Average reward 86.43
2018-12-06 21:57:23,982 INFO Episode 145	Last reward: 276.67216462680756	Average reward 135.12
2018-12-06 21:57:29,400 INFO Episode 146	Last reward: 959.7199876788467	Average reward 102.05
2018-12-06 21:57:34,777 INFO Episode 147	Last reward: 241.64013312062676	Average reward 63.02
2018-12-06 21:57:40,683 INFO Episode 148	Last reward: 615.0154643961785	Average reward 88.49
2018-12-06 21:57:46,154 INFO Episode 149	Last reward: 432.19503322828746	Average reward 175.96
2018-12-06 21:57:51,558 INFO Episode 150	Last reward: 147.93826833614656	Average reward 75.41
2018-12-06 21:57:56,969 INFO Episode 151	Last reward: 143.44176134791337	Average reward 158.00
2018-12-06 21:58:02,384 INFO Episode 152	Last reward: 413.36102128595957	Average reward 124.27
2018-12-06 21:58:07,890 INFO Episode 153	Last reward: 432.0366124329003	Average reward 119.79
2018-12-06 21:58:13,272 INFO Episode 154	Last reward: 796.7706100845226	Average reward 99.39
2018-12-06 21:58:18,601 INFO Episode 155	Last reward: 84.6276868303217	Average reward 79.73
2018-12-06 21:58:24,154 INFO Episode 156	Last reward: 190.98386886393476	Average reward 91.09
2018-12-06 21:58:29,808 INFO Episode 157	Last reward: 303.1192760551126	Average reward 88.30
2018-12-06 21:58:34,980 INFO Episode 158	Last reward: 158.81987637222338	Average reward 50.52
2018-12-06 21:58:40,098 INFO Episode 159	Last reward: 128.77374530664525	Average reward 58.64
2018-12-06 21:58:45,338 INFO Episode 160	Last reward: 62.8382449012103	Average reward 40.42
2018-12-06 21:58:50,758 INFO Episode 161	Last reward: 100.79476425386507	Average reward 39.86
2018-12-06 21:58:56,101 INFO Episode 162	Last reward: 110.037684621156	Average reward 45.10
2018-12-06 21:59:01,271 INFO Episode 163	Last reward: 29.152762731597598	Average reward 44.64
2018-12-06 21:59:06,570 INFO Episode 164	Last reward: 204.19429339613325	Average reward 37.99
2018-12-06 21:59:11,759 INFO Episode 165	Last reward: 191.36570153187418	Average reward 57.45
2018-12-06 21:59:16,917 INFO Episode 166	Last reward: 368.30667427404677	Average reward 54.61
2018-12-06 21:59:22,388 INFO Episode 167	Last reward: 46.2014689245015	Average reward 64.71
2018-12-06 21:59:28,090 INFO Episode 168	Last reward: 34.44983806330695	Average reward 7.19
2018-12-06 21:59:33,189 INFO Episode 169	Last reward: -0.6945358130165211	Average reward 5.71
2018-12-06 21:59:38,814 INFO Episode 170	Last reward: 3.6278530421235047	Average reward 5.89
2018-12-06 21:59:44,182 INFO Episode 171	Last reward: 33.321344681096186	Average reward 10.50
2018-12-06 21:59:49,339 INFO Episode 172	Last reward: 38.27553032900025	Average reward 9.64
2018-12-06 21:59:54,705 INFO Episode 173	Last reward: 18.92915901233478	Average reward 17.50
2018-12-06 22:00:00,125 INFO Episode 174	Last reward: 41.6645305296105	Average reward 25.56
2018-12-06 22:00:05,504 INFO Episode 175	Last reward: -0.6442229235872712	Average reward 30.15
2018-12-06 22:00:10,833 INFO Episode 176	Last reward: 53.013204831329105	Average reward 35.06
2018-12-06 22:00:15,887 INFO Episode 177	Last reward: 50.36553535045913	Average reward 52.80
2018-12-06 22:00:21,340 INFO Episode 178	Last reward: 6.236516721615741	Average reward 27.85
2018-12-06 22:00:26,476 INFO Episode 179	Last reward: 169.87941370983305	Average reward 45.92
2018-12-06 22:00:31,718 INFO Episode 180	Last reward: 81.71151109475026	Average reward 45.46
2018-12-06 22:00:37,232 INFO Episode 181	Last reward: 121.79952624261061	Average reward 40.95
2018-12-06 22:00:42,424 INFO Episode 182	Last reward: 113.55686589383089	Average reward 50.81
2018-12-06 22:00:47,741 INFO Episode 183	Last reward: 190.4916122152359	Average reward 54.87
2018-12-06 22:00:53,239 INFO Episode 184	Last reward: 162.83516486033878	Average reward 56.64
2018-12-06 22:00:58,759 INFO Episode 185	Last reward: 137.64739810016266	Average reward 50.81
2018-12-06 22:01:04,856 INFO Episode 186	Last reward: 824.133903639073	Average reward 179.29
2018-12-06 22:01:10,261 INFO Episode 187	Last reward: 366.86439588442767	Average reward 276.07
2018-12-06 22:01:15,602 INFO Episode 188	Last reward: 297.37034631584106	Average reward 69.38
2018-12-06 22:01:21,223 INFO Episode 189	Last reward: 142.16550638110172	Average reward 121.12
2018-12-06 22:01:26,740 INFO Episode 190	Last reward: 325.4227823937362	Average reward 53.55
2018-12-06 22:01:32,070 INFO Episode 191	Last reward: 132.50292226143628	Average reward 76.69
2018-12-06 22:01:37,907 INFO Episode 192	Last reward: 130.5615874052416	Average reward 32.98
2018-12-06 22:01:43,398 INFO Episode 193	Last reward: -0.7668708909672569	Average reward 35.65
2018-12-06 22:01:48,875 INFO Episode 194	Last reward: 3.6236087417516964	Average reward 46.43
2018-12-06 22:01:54,230 INFO Episode 195	Last reward: 54.46950127080289	Average reward 46.66
2018-12-06 22:01:59,424 INFO Episode 196	Last reward: 9.011754570087625	Average reward 55.62
2018-12-06 22:02:05,084 INFO Episode 197	Last reward: 179.486034336077	Average reward 116.93
2018-12-06 22:02:10,632 INFO Episode 198	Last reward: 154.22637762305985	Average reward 203.12
2018-12-06 22:02:15,954 INFO Episode 199	Last reward: 171.80420420713114	Average reward 93.62
2018-12-06 22:02:21,483 INFO Episode 200	Last reward: 3.294559520144069	Average reward 154.47
2018-12-06 22:02:26,726 INFO Episode 201	Last reward: 384.7010615658583	Average reward 136.47
2018-12-06 22:02:26,727 DEBUG backend agg version v2.2
2018-12-06 22:02:33,194 INFO Episode 202	Last reward: 709.5393671826669	Average reward 89.87
2018-12-06 22:02:39,807 INFO Episode 203	Last reward: 374.00473597033664	Average reward 101.07
2018-12-06 22:02:45,919 INFO Episode 204	Last reward: 305.42764955209725	Average reward 47.82
2018-12-06 22:02:52,430 INFO Episode 205	Last reward: 130.04580409410144	Average reward 68.77
2018-12-06 22:02:58,585 INFO Episode 206	Last reward: 259.37091123188213	Average reward 78.00
2018-12-06 22:03:03,632 INFO Episode 207	Last reward: 255.06396135302447	Average reward 69.45
2018-12-06 22:03:09,104 INFO Episode 208	Last reward: 259.21070952954057	Average reward 66.57
2018-12-06 22:03:17,382 INFO Episode 209	Last reward: 652.6671351543097	Average reward 132.78
2018-12-06 22:03:25,271 INFO Episode 210	Last reward: 656.887350424733	Average reward 151.75
2018-12-06 22:03:33,201 INFO Episode 211	Last reward: 235.14859395450796	Average reward 62.64
2018-12-06 22:03:41,233 INFO Episode 212	Last reward: 51.52543414423191	Average reward 87.85
2018-12-06 22:03:48,864 INFO Episode 213	Last reward: 48.69663203693276	Average reward 103.26
2018-12-06 22:03:55,896 INFO Episode 214	Last reward: 212.1607654960647	Average reward 85.97
2018-12-06 22:04:02,571 INFO Episode 215	Last reward: 309.7881975952129	Average reward 103.50
2018-12-06 22:04:08,821 INFO Episode 216	Last reward: 447.71558995321226	Average reward 134.80
2018-12-06 22:04:15,091 INFO Episode 217	Last reward: 50.49583103119174	Average reward 97.26
2018-12-06 22:04:20,938 INFO Episode 218	Last reward: 268.9753632807002	Average reward 148.39
2018-12-06 22:04:26,165 INFO Episode 219	Last reward: 320.5908603321284	Average reward 117.34
2018-12-06 22:04:32,274 INFO Episode 220	Last reward: 776.109107537437	Average reward 206.99
2018-12-06 22:04:38,482 INFO Episode 221	Last reward: 156.0129413932248	Average reward 176.31
2018-12-06 22:04:43,534 INFO Episode 222	Last reward: 31.062595717247877	Average reward 79.05
2018-12-06 22:04:48,854 INFO Episode 223	Last reward: 29.41986221142414	Average reward 85.38
2018-12-06 22:04:54,325 INFO Episode 224	Last reward: 339.98318255967445	Average reward 74.94
2018-12-06 22:04:59,782 INFO Episode 225	Last reward: 538.1514065200578	Average reward 79.15
2018-12-06 22:05:04,916 INFO Episode 226	Last reward: 33.25187046235237	Average reward 104.78
2018-12-06 22:05:10,420 INFO Episode 227	Last reward: 71.09486976825048	Average reward 100.49
2018-12-06 22:05:16,325 INFO Episode 228	Last reward: 138.31288890607814	Average reward 118.18
2018-12-06 22:05:22,805 INFO Episode 229	Last reward: 224.33690970362994	Average reward 95.55
2018-12-06 22:05:28,724 INFO Episode 230	Last reward: 697.1226474825534	Average reward 226.27
2018-12-06 22:05:33,705 INFO Episode 231	Last reward: 197.05339329198247	Average reward 151.37
2018-12-06 22:05:38,894 INFO Episode 232	Last reward: 210.60478933941607	Average reward 217.17
2018-12-06 22:05:44,639 INFO Episode 233	Last reward: 3.63099151709714	Average reward 250.40
2018-12-06 22:05:49,953 INFO Episode 234	Last reward: 330.7465318765586	Average reward 117.36
2018-12-06 22:05:54,993 INFO Episode 235	Last reward: 66.86085170996016	Average reward 144.45
2018-12-06 22:06:00,632 INFO Episode 236	Last reward: 39.42108533073374	Average reward 70.66
2018-12-06 22:06:07,344 INFO Episode 237	Last reward: 433.72069804341294	Average reward 95.31
2018-12-06 22:06:13,015 INFO Episode 238	Last reward: 34.30834315889241	Average reward 129.35
2018-12-06 22:06:18,550 INFO Episode 239	Last reward: 96.26941870518112	Average reward 79.80
2018-12-06 22:06:24,018 INFO Episode 240	Last reward: 111.5444907859485	Average reward 155.96
2018-12-06 22:06:29,839 INFO Episode 241	Last reward: 79.54216300477128	Average reward 159.63
2018-12-06 22:06:36,248 INFO Episode 242	Last reward: 1244.883577635623	Average reward 451.99
2018-12-06 22:06:42,840 INFO Episode 243	Last reward: 761.4762283557914	Average reward 517.71
2018-12-06 22:06:49,837 INFO Episode 244	Last reward: 1156.3109614972952	Average reward 371.27
2018-12-06 22:06:57,820 INFO Episode 245	Last reward: 210.70343362999355	Average reward 342.30
2018-12-06 22:07:06,085 INFO Episode 246	Last reward: 3.63336223301576	Average reward 308.60
2018-12-06 22:07:12,471 INFO Episode 247	Last reward: 533.0895859556573	Average reward 171.96
2018-12-06 22:07:18,118 INFO Episode 248	Last reward: 169.1280254199618	Average reward 199.14
2018-12-06 22:07:23,968 INFO Episode 249	Last reward: 168.81736781199032	Average reward 52.04
2018-12-06 22:07:29,663 INFO Episode 250	Last reward: 26.923498092542147	Average reward 41.07
2018-12-06 22:07:35,018 INFO Episode 251	Last reward: 1498.644671443008	Average reward 413.50
2018-12-06 22:07:40,471 INFO Episode 252	Last reward: 3.631857821565163	Average reward 103.66
2018-12-06 22:07:45,901 INFO Episode 253	Last reward: 60.94955523800517	Average reward 125.65
2018-12-06 22:07:51,262 INFO Episode 254	Last reward: 434.1491157460664	Average reward 156.36
2018-12-06 22:07:57,031 INFO Episode 255	Last reward: 168.65869622879114	Average reward 190.09
2018-12-06 22:08:03,273 INFO Episode 256	Last reward: 433.36456632243505	Average reward 218.11
2018-12-06 22:08:08,631 INFO Episode 257	Last reward: 73.85195781526448	Average reward 268.81
2018-12-06 22:08:14,356 INFO Episode 258	Last reward: 26.57653191247672	Average reward 91.16
2018-12-06 22:08:19,911 INFO Episode 259	Last reward: 73.39561618863297	Average reward 126.55
2018-12-06 22:08:25,260 INFO Episode 260	Last reward: 26.818462341028475	Average reward 147.27
2018-12-06 22:08:30,850 INFO Episode 261	Last reward: 21.154805450040502	Average reward 145.53
2018-12-06 22:08:36,750 INFO Episode 262	Last reward: 433.5842324652375	Average reward 112.06
2018-12-06 22:08:43,435 INFO Episode 263	Last reward: 21.193986006767553	Average reward 76.52
2018-12-06 22:08:50,305 INFO Episode 264	Last reward: 523.282116840926	Average reward 408.52
2018-12-06 22:08:57,904 INFO Episode 265	Last reward: 61.05319604428012	Average reward 206.90
2018-12-06 22:09:06,073 INFO Episode 266	Last reward: 21.05330670166279	Average reward 107.54
2018-12-06 22:09:13,247 INFO Episode 267	Last reward: 814.727444443561	Average reward 683.55
2018-12-06 22:09:19,849 INFO Episode 268	Last reward: 623.8361423780933	Average reward 315.30
2018-12-06 22:09:25,990 INFO Episode 269	Last reward: 168.61514900000714	Average reward 558.18
2018-12-06 22:09:31,821 INFO Episode 270	Last reward: 793.080084859936	Average reward 899.49
2018-12-06 22:09:37,248 INFO Episode 271	Last reward: 748.0229258295494	Average reward 431.23
2018-12-06 22:09:42,698 INFO Episode 272	Last reward: 1445.351693164256	Average reward 630.89
2018-12-06 22:09:48,249 INFO Episode 273	Last reward: 1397.7780511659223	Average reward 712.75
2018-12-06 22:09:54,821 INFO Episode 274	Last reward: 917.0516234200784	Average reward 622.00
2018-12-06 22:09:59,922 INFO Episode 275	Last reward: 133.59255831902055	Average reward 332.81
2018-12-06 22:10:05,183 INFO Episode 276	Last reward: 72.75699479322168	Average reward 259.16
2018-12-06 22:10:10,726 INFO Episode 277	Last reward: 3.6260396872956795	Average reward 295.59
2018-12-06 22:10:16,383 INFO Episode 278	Last reward: 547.9138370651344	Average reward 222.46
2018-12-06 22:10:21,821 INFO Episode 279	Last reward: 60.95817665862085	Average reward 189.44
2018-12-06 22:10:27,444 INFO Episode 280	Last reward: 471.2893293846764	Average reward 89.77
2018-12-06 22:10:33,651 INFO Episode 281	Last reward: 21.164038404134974	Average reward 183.81
2018-12-06 22:10:40,047 INFO Episode 282	Last reward: 73.3207555072732	Average reward 19.21
2018-12-06 22:10:45,908 INFO Episode 283	Last reward: 614.0734926330354	Average reward 138.60
2018-12-06 22:10:54,141 INFO Episode 284	Last reward: 530.9848115837381	Average reward 292.23
2018-12-06 22:11:01,306 INFO Episode 285	Last reward: 73.7464657670733	Average reward 138.87
2018-12-06 22:11:08,583 INFO Episode 286	Last reward: 549.1740672457362	Average reward 277.50
2018-12-06 22:11:14,088 INFO Episode 287	Last reward: 60.756104815455394	Average reward 110.60
2018-12-06 22:11:19,564 INFO Episode 288	Last reward: 16.15833098279151	Average reward 102.35
2018-12-06 22:11:25,365 INFO Episode 289	Last reward: 987.6937109510187	Average reward 110.92
2018-12-06 22:11:31,045 INFO Episode 290	Last reward: 495.5889257783236	Average reward 98.88
2018-12-06 22:11:36,640 INFO Episode 291	Last reward: 434.9347680040726	Average reward 206.19
2018-12-06 22:11:42,771 INFO Episode 292	Last reward: 526.4660818902256	Average reward 138.57
2018-12-06 22:11:49,000 INFO Episode 293	Last reward: 432.10156056673594	Average reward 222.60
2018-12-06 22:11:55,718 INFO Episode 294	Last reward: 20.92805449353335	Average reward 66.72
2018-12-06 22:12:01,612 INFO Episode 295	Last reward: 169.10234393719298	Average reward 57.87
2018-12-06 22:12:07,009 INFO Episode 296	Last reward: 26.916385022670312	Average reward 160.30
2018-12-06 22:12:12,494 INFO Episode 297	Last reward: 501.26695427654755	Average reward 130.58
2018-12-06 22:12:19,733 INFO Episode 298	Last reward: 870.5873667266742	Average reward 139.79
2018-12-06 22:12:26,381 INFO Episode 299	Last reward: 460.7518020176855	Average reward 77.54
2018-12-06 22:12:32,636 INFO Episode 300	Last reward: 550.3026781053396	Average reward 423.44
2018-12-06 22:12:39,749 INFO Episode 301	Last reward: 50.25266639903361	Average reward 122.64
2018-12-06 22:12:39,750 DEBUG backend agg version v2.2
2018-12-06 22:12:47,213 INFO Episode 302	Last reward: 3.619273493202263	Average reward 137.56
2018-12-06 22:12:55,100 INFO Episode 303	Last reward: 7.7879564832844554	Average reward 314.48
2018-12-06 22:13:02,081 INFO Episode 304	Last reward: 431.1950413214165	Average reward 100.48
2018-12-06 22:13:07,673 INFO Episode 305	Last reward: 481.2148531535029	Average reward 246.88
2018-12-06 22:13:13,569 INFO Episode 306	Last reward: 26.82585248535308	Average reward 104.28
2018-12-06 22:13:19,241 INFO Episode 307	Last reward: 539.8861889499523	Average reward 218.79
2018-12-06 22:13:25,020 INFO Episode 308	Last reward: 551.6688062041297	Average reward 388.54
2018-12-06 22:13:30,603 INFO Episode 309	Last reward: 433.86581465930874	Average reward 160.46
2018-12-06 22:13:35,868 INFO Episode 310	Last reward: 7.766483948879414	Average reward 140.00
2018-12-06 22:13:41,533 INFO Episode 311	Last reward: 427.9181951975265	Average reward 263.12
2018-12-06 22:13:47,428 INFO Episode 312	Last reward: 418.76503164155383	Average reward 136.00
2018-12-06 22:13:53,804 INFO Episode 313	Last reward: 73.54173155868331	Average reward 77.57
2018-12-06 22:14:01,216 INFO Episode 314	Last reward: 431.44319326854344	Average reward 102.63
2018-12-06 22:14:08,989 INFO Episode 315	Last reward: 60.03230067200853	Average reward 108.64
2018-12-06 22:14:16,799 INFO Episode 316	Last reward: 816.0848870988119	Average reward 473.06
2018-12-06 22:14:22,935 INFO Episode 317	Last reward: 9.757114904885386	Average reward 79.40
2018-12-06 22:14:28,669 INFO Episode 318	Last reward: 73.68161687575622	Average reward 79.24
2018-12-06 22:14:34,269 INFO Episode 319	Last reward: 3.609735644174939	Average reward 77.53
2018-12-06 22:14:40,482 INFO Episode 320	Last reward: 9.768680340339273	Average reward 22.54
2018-12-06 22:14:45,852 INFO Episode 321	Last reward: 7.679698098356218	Average reward 93.98
2018-12-06 22:14:51,176 INFO Episode 322	Last reward: 434.83699639156487	Average reward 134.82
2018-12-06 22:14:56,637 INFO Episode 323	Last reward: 61.0130007258327	Average reward 377.98
2018-12-06 22:15:02,268 INFO Episode 324	Last reward: 509.6598507508401	Average reward 112.50
2018-12-06 22:15:07,681 INFO Episode 325	Last reward: 21.24419879778164	Average reward 9.69
2018-12-06 22:15:13,399 INFO Episode 326	Last reward: 3.6261014814350556	Average reward 72.15
2018-12-06 22:15:18,869 INFO Episode 327	Last reward: 986.1318855254876	Average reward 176.07
2018-12-06 22:15:24,569 INFO Episode 328	Last reward: 431.3202736860433	Average reward 219.19
2018-12-06 22:15:30,025 INFO Episode 329	Last reward: 7.807265322925882	Average reward 89.40
2018-12-06 22:15:36,411 INFO Episode 330	Last reward: 417.6195218408475	Average reward 367.42
2018-12-06 22:15:44,033 INFO Episode 331	Last reward: 430.26244132095496	Average reward 52.62
2018-12-06 22:15:52,646 INFO Episode 332	Last reward: 21.09764199539123	Average reward 10.32
2018-12-06 22:16:00,104 INFO Episode 333	Last reward: 311.7436363510886	Average reward 127.25
2018-12-06 22:16:05,821 INFO Episode 334	Last reward: 87.57751413581097	Average reward 58.96
2018-12-06 22:16:11,948 INFO Episode 335	Last reward: 197.19801139441273	Average reward 174.10
2018-12-06 22:16:17,623 INFO Episode 336	Last reward: 433.088318748551	Average reward 153.36
2018-12-06 22:16:23,167 INFO Episode 337	Last reward: 433.27092907072847	Average reward 61.09
2018-12-06 22:16:28,706 INFO Episode 338	Last reward: 163.96340296817732	Average reward 175.44
2018-12-06 22:16:34,218 INFO Episode 339	Last reward: 3.631479751779155	Average reward 122.34
2018-12-06 22:16:39,975 INFO Episode 340	Last reward: 985.9066225305702	Average reward 410.94
2018-12-06 22:16:45,384 INFO Episode 341	Last reward: 202.38938961576983	Average reward 90.02
2018-12-06 22:16:51,044 INFO Episode 342	Last reward: 60.87616578656349	Average reward 189.13
2018-12-06 22:16:57,144 INFO Episode 343	Last reward: 202.26533822827923	Average reward 64.31
2018-12-06 22:17:02,903 INFO Episode 344	Last reward: 433.84831349162596	Average reward 347.98
2018-12-06 22:17:09,177 INFO Episode 345	Last reward: 433.05438524623236	Average reward 82.69
2018-12-06 22:17:16,286 INFO Episode 346	Last reward: 86.56921102168079	Average reward 177.26
2018-12-06 22:17:24,050 INFO Episode 347	Last reward: 87.53661369546383	Average reward 31.38
2018-12-06 22:17:31,552 INFO Episode 348	Last reward: 73.19306014644619	Average reward 102.23
2018-12-06 22:17:39,526 INFO Episode 349	Last reward: 168.365823672208	Average reward 79.72
2018-12-06 22:17:46,637 INFO Episode 350	Last reward: 168.51675251422589	Average reward 82.75
2018-12-06 22:17:53,064 INFO Episode 351	Last reward: 431.6588933546048	Average reward 118.35
2018-12-06 22:17:59,352 INFO Episode 352	Last reward: 169.116008752125	Average reward 139.57
2018-12-06 22:18:05,058 INFO Episode 353	Last reward: 986.5947293668	Average reward 185.72
2018-12-06 22:18:10,818 INFO Episode 354	Last reward: 21.188417302937506	Average reward 90.35
2018-12-06 22:18:16,412 INFO Episode 355	Last reward: 87.27172746428587	Average reward 128.21
2018-12-06 22:18:22,207 INFO Episode 356	Last reward: 202.18303307602585	Average reward 121.67
2018-12-06 22:18:27,525 INFO Episode 357	Last reward: 9.766406550880365	Average reward 199.47
2018-12-06 22:18:32,928 INFO Episode 358	Last reward: 429.35636578389995	Average reward 92.49
2018-12-06 22:18:38,777 INFO Episode 359	Last reward: 234.2656819343853	Average reward 188.53
2018-12-06 22:18:44,215 INFO Episode 360	Last reward: 9.726647521337807	Average reward 107.50
2018-12-06 22:18:49,966 INFO Episode 361	Last reward: 73.11533371580545	Average reward 87.92
2018-12-06 22:18:55,583 INFO Episode 362	Last reward: 984.1060694085643	Average reward 137.01
2018-12-06 22:19:01,760 INFO Episode 363	Last reward: 60.38770733876947	Average reward 213.41
2018-12-06 22:19:07,902 INFO Episode 364	Last reward: 199.35130789325254	Average reward 132.62
2018-12-06 22:19:15,300 INFO Episode 365	Last reward: 86.19653622706184	Average reward 83.06
2018-12-06 22:19:22,586 INFO Episode 366	Last reward: 73.4731928847712	Average reward 68.30
2018-12-06 22:19:30,462 INFO Episode 367	Last reward: 168.9825402410747	Average reward 151.47
2018-12-06 22:19:38,186 INFO Episode 368	Last reward: 73.06847297971484	Average reward 141.23
2018-12-06 22:19:45,678 INFO Episode 369	Last reward: 26.908997665230554	Average reward 96.53
2018-12-06 22:19:51,751 INFO Episode 370	Last reward: 433.24114139966133	Average reward 140.65
2018-12-06 22:19:57,579 INFO Episode 371	Last reward: 165.1565762314057	Average reward 49.87
2018-12-06 22:20:02,894 INFO Episode 372	Last reward: 60.62066645254986	Average reward 82.85
2018-12-06 22:20:08,464 INFO Episode 373	Last reward: 200.98862717159122	Average reward 179.24
2018-12-06 22:20:13,699 INFO Episode 374	Last reward: 25.740155479607274	Average reward 118.24
2018-12-06 22:20:19,520 INFO Episode 375	Last reward: 201.92394391799996	Average reward 36.95
2018-12-06 22:20:25,166 INFO Episode 376	Last reward: 21.145383039433966	Average reward 69.98
2018-12-06 22:20:31,422 INFO Episode 377	Last reward: 169.05656094015515	Average reward 137.48
2018-12-06 22:20:37,024 INFO Episode 378	Last reward: 164.62187731755444	Average reward 99.42
2018-12-06 22:20:42,483 INFO Episode 379	Last reward: 9.717124293185247	Average reward 67.98
2018-12-06 22:20:49,181 INFO Episode 380	Last reward: 3.0458273920966468	Average reward 82.53
2018-12-06 22:20:56,372 INFO Episode 381	Last reward: 59.475540903364404	Average reward 148.87
2018-12-06 22:21:04,021 INFO Episode 382	Last reward: 26.870051464529567	Average reward 40.36
2018-12-06 22:21:11,395 INFO Episode 383	Last reward: 21.139812041981912	Average reward 127.82
2018-12-06 22:21:17,036 INFO Episode 384	Last reward: 168.04637775541372	Average reward 60.79
2018-12-06 22:21:22,508 INFO Episode 385	Last reward: 3.63424042335667	Average reward 87.28
2018-12-06 22:21:28,050 INFO Episode 386	Last reward: 232.27266758059278	Average reward 41.30
2018-12-06 22:21:33,795 INFO Episode 387	Last reward: 26.928740897033133	Average reward 26.73
2018-12-06 22:21:39,348 INFO Episode 388	Last reward: 201.5426458108552	Average reward 199.79
2018-12-06 22:21:44,957 INFO Episode 389	Last reward: 26.88712762274711	Average reward 39.12
2018-12-06 22:21:50,741 INFO Episode 390	Last reward: 168.49725273970546	Average reward 86.81
2018-12-06 22:21:56,832 INFO Episode 391	Last reward: 3.6322029564320943	Average reward 158.41
2018-12-06 22:22:02,991 INFO Episode 392	Last reward: 26.982974071507872	Average reward 207.78
2018-12-06 22:22:09,785 INFO Episode 393	Last reward: 26.882558187564314	Average reward 155.94
2018-12-06 22:22:15,882 INFO Episode 394	Last reward: 60.91341496518918	Average reward 142.99
2018-12-06 22:22:21,758 INFO Episode 395	Last reward: 432.8627025244454	Average reward 182.04
2018-12-06 22:22:28,277 INFO Episode 396	Last reward: 3.6355328749732903	Average reward 81.87
2018-12-06 22:22:36,167 INFO Episode 397	Last reward: 87.6308187525809	Average reward 330.78
2018-12-06 22:22:43,986 INFO Episode 398	Last reward: 60.44747619462729	Average reward 24.76
2018-12-06 22:22:51,628 INFO Episode 399	Last reward: 73.2680981114597	Average reward 104.39
2018-12-06 22:22:57,958 INFO Episode 400	Last reward: 73.81211580503341	Average reward 51.13
2018-12-06 22:23:04,034 INFO Episode 401	Last reward: 168.55239974621577	Average reward 305.72
2018-12-06 22:23:04,035 DEBUG backend agg version v2.2
2018-12-06 22:23:09,536 INFO Episode 402	Last reward: 3.6308365314091695	Average reward 161.45
2018-12-06 22:23:14,981 INFO Episode 403	Last reward: 60.58866288310629	Average reward 61.14
2018-12-06 22:23:20,780 INFO Episode 404	Last reward: 199.57287467084114	Average reward 184.06
2018-12-06 22:23:26,352 INFO Episode 405	Last reward: 87.67011024591397	Average reward 82.23
2018-12-06 22:23:31,945 INFO Episode 406	Last reward: 60.400795383025404	Average reward 85.63
2018-12-06 22:23:37,785 INFO Episode 407	Last reward: 60.301875549615886	Average reward 85.17
2018-12-06 22:23:44,987 INFO Episode 408	Last reward: 550.3479678243554	Average reward 95.84
2018-12-06 22:23:51,776 INFO Episode 409	Last reward: 167.42711970631905	Average reward 40.46
2018-12-06 22:24:00,169 INFO Episode 410	Last reward: 20.93484762198414	Average reward 217.23
2018-12-06 22:24:07,490 INFO Episode 411	Last reward: 168.89815997975538	Average reward 83.27
2018-12-06 22:24:13,734 INFO Episode 412	Last reward: 434.19297064056235	Average reward 217.85
2018-12-06 22:24:21,445 INFO Episode 413	Last reward: 73.184080200029	Average reward 213.39
2018-12-06 22:24:27,048 INFO Episode 414	Last reward: 87.58393904507571	Average reward 124.49
2018-12-06 22:24:32,774 INFO Episode 415	Last reward: 990.8436781966426	Average reward 96.24
2018-12-06 22:24:38,428 INFO Episode 416	Last reward: 21.228332308240507	Average reward 76.19
2018-12-06 22:24:44,800 INFO Episode 417	Last reward: 60.97814477047108	Average reward 127.17
2018-12-06 22:24:50,713 INFO Episode 418	Last reward: 233.01003759991022	Average reward 144.51
2018-12-06 22:24:57,047 INFO Episode 419	Last reward: 93.23213734636487	Average reward 44.81
2018-12-06 22:25:04,565 INFO Episode 420	Last reward: 3.6294544371173534	Average reward 164.78
2018-12-06 22:25:10,766 INFO Episode 421	Last reward: 201.98378577092836	Average reward 97.16
2018-12-06 22:25:18,788 INFO Episode 422	Last reward: 73.23590768656791	Average reward 95.28
2018-12-06 22:25:27,244 INFO Episode 423	Last reward: 548.0897638544308	Average reward 407.32
2018-12-06 22:25:33,789 INFO Episode 424	Last reward: 232.93121896548075	Average reward 179.05
2018-12-06 22:25:39,358 INFO Episode 425	Last reward: 544.5724190861956	Average reward 229.46
2018-12-06 22:25:45,824 INFO Episode 426	Last reward: 201.28640724906896	Average reward 49.94
2018-12-06 22:25:51,147 INFO Episode 427	Last reward: 202.40355080640015	Average reward 71.26
2018-12-06 22:25:56,642 INFO Episode 428	Last reward: 73.96828581401253	Average reward 84.16
2018-12-06 22:26:03,353 INFO Episode 429	Last reward: 26.77617544272896	Average reward 30.21
2018-12-06 22:26:09,174 INFO Episode 430	Last reward: 433.35954426167996	Average reward 213.45
2018-12-06 22:26:14,820 INFO Episode 431	Last reward: 168.89118489243438	Average reward 46.31
2018-12-06 22:26:21,499 INFO Episode 432	Last reward: 60.726085967123765	Average reward 44.89
2018-12-06 22:26:29,240 INFO Episode 433	Last reward: 202.56826077109653	Average reward 106.48
2018-12-06 22:26:36,873 INFO Episode 434	Last reward: 167.9661531561554	Average reward 117.59
2018-12-06 22:26:44,366 INFO Episode 435	Last reward: 233.19091585774646	Average reward 176.78
2018-12-06 22:26:51,368 INFO Episode 436	Last reward: 425.6260040206036	Average reward 155.48
2018-12-06 22:26:58,979 INFO Episode 437	Last reward: 60.82915625576047	Average reward 53.11
2018-12-06 22:27:07,420 INFO Episode 438	Last reward: 21.185667000516617	Average reward 155.07
2018-12-06 22:27:13,600 INFO Episode 439	Last reward: 167.48528638410104	Average reward 147.15
2018-12-06 22:27:19,942 INFO Episode 440	Last reward: 61.01502187177977	Average reward 100.26
2018-12-06 22:27:25,358 INFO Episode 441	Last reward: 73.50378647257122	Average reward 46.30
2018-12-06 22:27:31,062 INFO Episode 442	Last reward: 202.35350341172358	Average reward 253.45
2018-12-06 22:27:36,882 INFO Episode 443	Last reward: 73.76522193526017	Average reward 129.35
2018-12-06 22:27:42,310 INFO Episode 444	Last reward: 87.48337334910308	Average reward 67.76
2018-12-06 22:27:48,065 INFO Episode 445	Last reward: 202.51673848611284	Average reward 192.93
2018-12-06 22:27:53,617 INFO Episode 446	Last reward: 168.45440304927817	Average reward 57.32
2018-12-06 22:27:59,277 INFO Episode 447	Last reward: 201.86844467148137	Average reward 114.47
2018-12-06 22:28:05,155 INFO Episode 448	Last reward: 201.65408886326296	Average reward 214.40
2018-12-06 22:28:11,013 INFO Episode 449	Last reward: 73.82939584929963	Average reward 22.17
2018-12-06 22:28:17,193 INFO Episode 450	Last reward: 26.933220472994932	Average reward 344.17
2018-12-06 22:28:23,113 INFO Episode 451	Last reward: 73.08811593385822	Average reward 215.84
2018-12-06 22:28:29,726 INFO Episode 452	Last reward: 202.06283231774106	Average reward 151.66
2018-12-06 22:28:36,616 INFO Episode 453	Last reward: 7.794774472480961	Average reward 70.43
2018-12-06 22:28:44,337 INFO Episode 454	Last reward: 167.62724871747852	Average reward 357.74
2018-12-06 22:28:51,214 INFO Episode 455	Last reward: 74.04648746235289	Average reward 30.01
2018-12-06 22:28:58,625 INFO Episode 456	Last reward: 432.58485906748945	Average reward 509.20
2018-12-06 22:29:06,481 INFO Episode 457	Last reward: 87.20524709551923	Average reward 78.84
2018-12-06 22:29:13,961 INFO Episode 458	Last reward: 433.94040403327847	Average reward 148.64
2018-12-06 22:29:21,823 INFO Episode 459	Last reward: 60.98584250038782	Average reward 61.89
2018-12-06 22:29:29,691 INFO Episode 460	Last reward: 549.4556239190174	Average reward 163.07
2018-12-06 22:29:36,582 INFO Episode 461	Last reward: 168.11186431959837	Average reward 112.65
2018-12-06 22:29:42,979 INFO Episode 462	Last reward: 167.26141690368155	Average reward 125.52
2018-12-06 22:29:49,349 INFO Episode 463	Last reward: 432.37083260616913	Average reward 300.65
2018-12-06 22:29:55,068 INFO Episode 464	Last reward: 202.14012393557735	Average reward 166.53
2018-12-06 22:30:00,846 INFO Episode 465	Last reward: 87.44631352748061	Average reward 390.25
2018-12-06 22:30:06,726 INFO Episode 466	Last reward: 73.82083355155471	Average reward 21.95
2018-12-06 22:30:13,165 INFO Episode 467	Last reward: 202.15954312041518	Average reward 82.81
2018-12-06 22:30:20,802 INFO Episode 468	Last reward: 74.10331168102063	Average reward 161.44
2018-12-06 22:30:29,047 INFO Episode 469	Last reward: 60.883166724663006	Average reward 172.47
2018-12-06 22:30:36,603 INFO Episode 470	Last reward: 168.65443177789845	Average reward 115.02
2018-12-06 22:30:43,006 INFO Episode 471	Last reward: 73.72605121015745	Average reward 234.79
2018-12-06 22:30:48,796 INFO Episode 472	Last reward: 167.5293301112314	Average reward 197.87
2018-12-06 22:30:54,343 INFO Episode 473	Last reward: 3.6023051475350125	Average reward 117.79
2018-12-06 22:31:00,043 INFO Episode 474	Last reward: 21.145779902820404	Average reward 100.01
2018-12-06 22:31:05,578 INFO Episode 475	Last reward: 202.26779689357602	Average reward 160.61
2018-12-06 22:31:11,122 INFO Episode 476	Last reward: 60.157980763991574	Average reward 202.73
2018-12-06 22:31:16,865 INFO Episode 477	Last reward: 233.74357263409073	Average reward 91.33
2018-12-06 22:31:22,313 INFO Episode 478	Last reward: 434.44906153539836	Average reward 151.63
2018-12-06 22:31:27,801 INFO Episode 479	Last reward: 545.229970648909	Average reward 192.74
2018-12-06 22:31:33,327 INFO Episode 480	Last reward: 21.260944423581037	Average reward 22.40
2018-12-06 22:31:39,185 INFO Episode 481	Last reward: 193.6753375581214	Average reward 75.00
2018-12-06 22:31:45,027 INFO Episode 482	Last reward: 201.42231577555586	Average reward 169.94
2018-12-06 22:31:50,840 INFO Episode 483	Last reward: 73.20209811348556	Average reward 64.71
2018-12-06 22:31:57,630 INFO Episode 484	Last reward: 202.42362196083835	Average reward 76.82
2018-12-06 22:32:04,616 INFO Episode 485	Last reward: 20.967475829828345	Average reward 78.21
2018-12-06 22:32:12,540 INFO Episode 486	Last reward: 168.84406681907018	Average reward 69.58
2018-12-06 22:32:20,372 INFO Episode 487	Last reward: 542.8758106348882	Average reward 117.04
2018-12-06 22:32:28,310 INFO Episode 488	Last reward: 165.9655138540357	Average reward 103.27
2018-12-06 22:32:35,154 INFO Episode 489	Last reward: 168.25068535802447	Average reward 88.02
2018-12-06 22:32:41,037 INFO Episode 490	Last reward: 3.6355328749732903	Average reward 257.63
2018-12-06 22:32:46,420 INFO Episode 491	Last reward: 202.55466780487043	Average reward 250.74
2018-12-06 22:32:52,314 INFO Episode 492	Last reward: 60.896513222463035	Average reward 130.24
2018-12-06 22:32:58,272 INFO Episode 493	Last reward: 168.85594350833705	Average reward 75.44
2018-12-06 22:33:03,666 INFO Episode 494	Last reward: 433.54236758870826	Average reward 124.59
2018-12-06 22:33:09,443 INFO Episode 495	Last reward: 168.54935228397372	Average reward 100.75
2018-12-06 22:33:15,146 INFO Episode 496	Last reward: 87.55665965056161	Average reward 46.00
2018-12-06 22:33:20,431 INFO Episode 497	Last reward: 168.67729512412888	Average reward 86.88
2018-12-06 22:33:26,054 INFO Episode 498	Last reward: 427.3285133361106	Average reward 125.67
2018-12-06 22:33:31,797 INFO Episode 499	Last reward: 7.763414385828609	Average reward 177.71
2018-12-06 22:33:38,742 INFO Episode 500	Last reward: 197.11271038574102	Average reward 205.22
2018-12-06 22:33:45,134 INFO Episode 501	Last reward: 201.70457764656663	Average reward 193.19
2018-12-06 22:33:45,135 DEBUG backend agg version v2.2
2018-12-06 22:33:52,503 INFO Episode 502	Last reward: 26.388157465802646	Average reward 194.17
2018-12-06 22:34:00,635 INFO Episode 503	Last reward: 549.3950842617218	Average reward 219.79
2018-12-06 22:34:07,895 INFO Episode 504	Last reward: 196.51095281118106	Average reward 72.77
2018-12-06 22:34:14,376 INFO Episode 505	Last reward: 168.23557002401688	Average reward 68.10
2018-12-06 22:34:20,367 INFO Episode 506	Last reward: 20.973037213215072	Average reward 126.69
2018-12-06 22:34:26,332 INFO Episode 507	Last reward: 9.60543818105136	Average reward 74.49
2018-12-06 22:34:33,203 INFO Episode 508	Last reward: 200.27151592400125	Average reward 244.01
2018-12-06 22:34:39,300 INFO Episode 509	Last reward: 1489.7920523676269	Average reward 269.87
2018-12-06 22:34:45,033 INFO Episode 510	Last reward: 200.17350795635625	Average reward 138.47
2018-12-06 22:34:50,550 INFO Episode 511	Last reward: 202.16420033035152	Average reward 59.45
2018-12-06 22:34:56,155 INFO Episode 512	Last reward: 3.697376053215759	Average reward 38.55
2018-12-06 22:35:01,682 INFO Episode 513	Last reward: 989.4598762397651	Average reward 132.67
2018-12-06 22:35:07,654 INFO Episode 514	Last reward: 60.73436587432869	Average reward 65.02
2018-12-06 22:35:14,358 INFO Episode 515	Last reward: 201.934703382572	Average reward 131.92
2018-12-06 22:35:22,175 INFO Episode 516	Last reward: 201.92853558261237	Average reward 39.07
2018-12-06 22:35:29,195 INFO Episode 517	Last reward: 167.63607560805835	Average reward 172.01
2018-12-06 22:35:37,744 INFO Episode 518	Last reward: 168.8904757234948	Average reward 271.58
2018-12-06 22:35:44,352 INFO Episode 519	Last reward: 168.98311439740772	Average reward 107.70
2018-12-06 22:35:50,132 INFO Episode 520	Last reward: 73.92394581332388	Average reward 96.98
2018-12-06 22:35:55,826 INFO Episode 521	Last reward: 60.22498605055766	Average reward 47.88
2018-12-06 22:36:02,332 INFO Episode 522	Last reward: 3.6647582037934794	Average reward 52.49
2018-12-06 22:36:08,543 INFO Episode 523	Last reward: 546.528370425768	Average reward 237.98
2018-12-06 22:36:14,326 INFO Episode 524	Last reward: 199.03827915838963	Average reward 81.85
2018-12-06 22:36:20,424 INFO Episode 525	Last reward: 74.06865546575102	Average reward 84.66
2018-12-06 22:36:28,335 INFO Episode 526	Last reward: 168.0663196771469	Average reward 33.31
2018-12-06 22:36:35,977 INFO Episode 527	Last reward: 73.85510851645701	Average reward 89.60
2018-12-06 22:36:42,993 INFO Episode 528	Last reward: 434.61876765132394	Average reward 161.44
2018-12-06 22:36:49,232 INFO Episode 529	Last reward: 60.82826442645044	Average reward 106.78
2018-12-06 22:36:54,715 INFO Episode 530	Last reward: 202.88282217481301	Average reward 99.29
2018-12-06 22:37:01,288 INFO Episode 531	Last reward: 74.13472598263003	Average reward 106.29
2018-12-06 22:37:07,112 INFO Episode 532	Last reward: 73.46491474938155	Average reward 90.67
2018-12-06 22:37:13,462 INFO Episode 533	Last reward: 73.78748310972227	Average reward 63.38
2018-12-06 22:37:19,512 INFO Episode 534	Last reward: 168.65606939794552	Average reward 73.52
2018-12-06 22:37:25,157 INFO Episode 535	Last reward: 73.79913895243985	Average reward 16.79
2018-12-06 22:37:32,364 INFO Episode 536	Last reward: 433.7053797718969	Average reward 72.59
2018-12-06 22:37:40,594 INFO Episode 537	Last reward: 168.9250212513173	Average reward 82.28
2018-12-06 22:37:47,242 INFO Episode 538	Last reward: 21.25990503185865	Average reward 134.20
2018-12-06 22:37:52,597 INFO Episode 539	Last reward: 74.00888787801189	Average reward 42.27
2018-12-06 22:37:58,580 INFO Episode 540	Last reward: 983.6628543618099	Average reward 168.24
2018-12-06 22:38:03,999 INFO Episode 541	Last reward: 433.46445382442243	Average reward 160.21
2018-12-06 22:38:09,631 INFO Episode 542	Last reward: 549.1755650175595	Average reward 143.06
2018-12-06 22:38:15,361 INFO Episode 543	Last reward: 3.5843802948542036	Average reward 73.16
2018-12-06 22:38:21,045 INFO Episode 544	Last reward: 202.46150327730456	Average reward 170.49
2018-12-06 22:38:26,825 INFO Episode 545	Last reward: 73.91875769206256	Average reward 40.64
2018-12-06 22:38:33,424 INFO Episode 546	Last reward: 427.59042460330187	Average reward 212.34
2018-12-06 22:38:41,308 INFO Episode 547	Last reward: 202.3246627400908	Average reward 117.87
2018-12-06 22:38:49,197 INFO Episode 548	Last reward: 61.03807191069284	Average reward 92.03
2018-12-06 22:38:55,550 INFO Episode 549	Last reward: 547.4253755867827	Average reward 311.10
2018-12-06 22:39:01,656 INFO Episode 550	Last reward: 60.85274234704571	Average reward 97.00
2018-12-06 22:39:07,125 INFO Episode 551	Last reward: 433.7507150164253	Average reward 247.68
2018-12-06 22:39:13,001 INFO Episode 552	Last reward: 73.74187316182466	Average reward 154.89
2018-12-06 22:39:18,360 INFO Episode 553	Last reward: 167.62951278093976	Average reward 69.76
2018-12-06 22:39:23,852 INFO Episode 554	Last reward: 73.95706326821444	Average reward 81.63
2018-12-06 22:39:29,362 INFO Episode 555	Last reward: 202.19204564070444	Average reward 163.78
2018-12-06 22:39:35,632 INFO Episode 556	Last reward: 87.25321171491585	Average reward 98.43
2018-12-06 22:39:42,072 INFO Episode 557	Last reward: 60.04183198536742	Average reward 99.58
2018-12-06 22:39:50,578 INFO Episode 558	Last reward: 202.46987748416984	Average reward 102.60
2018-12-06 22:39:58,372 INFO Episode 559	Last reward: 26.450180688954994	Average reward 117.51
2018-12-06 22:40:04,186 INFO Episode 560	Last reward: 26.971325903583697	Average reward 95.33
2018-12-06 22:40:09,585 INFO Episode 561	Last reward: 434.4679818316961	Average reward 151.95
2018-12-06 22:40:15,310 INFO Episode 562	Last reward: 547.3469294055959	Average reward 107.10
2018-12-06 22:40:21,122 INFO Episode 563	Last reward: 432.55588854756746	Average reward 350.64
2018-12-06 22:40:28,007 INFO Episode 564	Last reward: 61.08338179620331	Average reward 80.05
2018-12-06 22:40:33,454 INFO Episode 565	Last reward: 201.7362005703141	Average reward 68.06
2018-12-06 22:40:39,827 INFO Episode 566	Last reward: 60.89016368891015	Average reward 21.48
2018-12-06 22:40:46,589 INFO Episode 567	Last reward: 168.70626968644993	Average reward 133.16
2018-12-06 22:40:53,785 INFO Episode 568	Last reward: 201.03243894853048	Average reward 50.96
2018-12-06 22:41:03,379 INFO Episode 569	Last reward: 434.1129104775856	Average reward 170.10
2018-12-06 22:41:11,863 INFO Episode 570	Last reward: 232.44893944654788	Average reward 149.93
2018-12-06 22:41:17,800 INFO Episode 571	Last reward: 423.35408162794084	Average reward 124.78
2018-12-06 22:41:23,581 INFO Episode 572	Last reward: 60.068684399009136	Average reward 77.56
2018-12-06 22:41:29,595 INFO Episode 573	Last reward: 431.6924197488313	Average reward 82.00
2018-12-06 22:41:35,331 INFO Episode 574	Last reward: 232.36504625384856	Average reward 98.60
2018-12-06 22:41:40,911 INFO Episode 575	Last reward: 201.158629116787	Average reward 41.25
2018-12-06 22:41:46,807 INFO Episode 576	Last reward: 168.18501440779144	Average reward 159.14
2018-12-06 22:41:52,554 INFO Episode 577	Last reward: 986.5418544792681	Average reward 146.46
2018-12-06 22:41:58,189 INFO Episode 578	Last reward: 87.34612695743316	Average reward 90.07
2018-12-06 22:42:04,782 INFO Episode 579	Last reward: 168.64897989941807	Average reward 181.58
2018-12-06 22:42:11,102 INFO Episode 580	Last reward: 434.6393487723636	Average reward 53.16
2018-12-06 22:42:18,510 INFO Episode 581	Last reward: 167.52314720642687	Average reward 138.29
2018-12-06 22:42:26,072 INFO Episode 582	Last reward: 167.78314388555728	Average reward 138.26
2018-12-06 22:42:33,284 INFO Episode 583	Last reward: 168.8248062331641	Average reward 28.18
2018-12-06 22:42:40,951 INFO Episode 584	Last reward: 202.48319200454472	Average reward 82.57
2018-12-06 22:42:49,361 INFO Episode 585	Last reward: 988.7899396434341	Average reward 254.52
2018-12-06 22:42:55,668 INFO Episode 586	Last reward: 434.101829116959	Average reward 128.37
2018-12-06 22:43:02,553 INFO Episode 587	Last reward: 201.99121025816888	Average reward 79.23
2018-12-06 22:43:08,294 INFO Episode 588	Last reward: 431.36703242953695	Average reward 78.49
2018-12-06 22:43:13,923 INFO Episode 589	Last reward: 60.968707272609606	Average reward 249.15
2018-12-06 22:43:19,255 INFO Episode 590	Last reward: 7.7737912815625325	Average reward 38.80
2018-12-06 22:43:25,249 INFO Episode 591	Last reward: 233.79211866135373	Average reward 179.61
2018-12-06 22:43:30,908 INFO Episode 592	Last reward: 432.11113936893025	Average reward 77.74
2018-12-06 22:43:36,828 INFO Episode 593	Last reward: 168.67546893766547	Average reward 68.52
2018-12-06 22:43:43,189 INFO Episode 594	Last reward: 26.90632103611937	Average reward 42.43
2018-12-06 22:43:49,959 INFO Episode 595	Last reward: 20.83364229101969	Average reward 111.65
2018-12-06 22:43:57,260 INFO Episode 596	Last reward: 541.8821691560719	Average reward 161.44
2018-12-06 22:44:04,341 INFO Episode 597	Last reward: 167.68131225986426	Average reward 101.42
2018-12-06 22:44:11,957 INFO Episode 598	Last reward: 72.705048684096	Average reward 135.28
2018-12-06 22:44:19,938 INFO Episode 599	Last reward: 433.8328904495117	Average reward 90.57
2018-12-06 22:44:27,302 INFO Episode 600	Last reward: 21.162294501450397	Average reward 19.73
2018-12-06 22:44:34,256 INFO Episode 601	Last reward: 26.894689365583684	Average reward 150.27
2018-12-06 22:44:34,257 DEBUG backend agg version v2.2
2018-12-06 22:44:40,526 INFO Episode 602	Last reward: 431.5941230764558	Average reward 108.86
2018-12-06 22:44:46,415 INFO Episode 603	Last reward: 73.820839558396	Average reward 75.94
2018-12-06 22:44:52,030 INFO Episode 604	Last reward: 431.8017067446523	Average reward 190.11
2018-12-06 22:44:57,620 INFO Episode 605	Last reward: 433.25043590073227	Average reward 158.24
2018-12-06 22:45:03,559 INFO Episode 606	Last reward: 60.456249216506315	Average reward 410.32
2018-12-06 22:45:09,456 INFO Episode 607	Last reward: 59.02034552717002	Average reward 138.04
2018-12-06 22:45:15,240 INFO Episode 608	Last reward: 434.0946323633652	Average reward 178.56
2018-12-06 22:45:20,859 INFO Episode 609	Last reward: 434.059959653881	Average reward 60.84
2018-12-06 22:45:27,907 INFO Episode 610	Last reward: 167.84335995550146	Average reward 78.11
2018-12-06 22:45:35,079 INFO Episode 611	Last reward: 60.59987354597828	Average reward 91.49
2018-12-06 22:45:41,836 INFO Episode 612	Last reward: 233.4286905908108	Average reward 133.23
2018-12-06 22:45:49,596 INFO Episode 613	Last reward: 168.7741675021928	Average reward 27.38
2018-12-06 22:45:57,549 INFO Episode 614	Last reward: 432.26545590258024	Average reward 83.81
2018-12-06 22:46:04,140 INFO Episode 615	Last reward: 431.8555002166559	Average reward 153.50
2018-12-06 22:46:10,543 INFO Episode 616	Last reward: 73.5565926174728	Average reward 153.67
2018-12-06 22:46:16,181 INFO Episode 617	Last reward: 168.44390817877397	Average reward 258.63
2018-12-06 22:46:21,818 INFO Episode 618	Last reward: 202.3691836056873	Average reward 144.45
2018-12-06 22:46:28,082 INFO Episode 619	Last reward: 60.910158721803676	Average reward 48.94
2018-12-06 22:46:33,721 INFO Episode 620	Last reward: 21.219599876008775	Average reward 67.26
2018-12-06 22:46:40,211 INFO Episode 621	Last reward: 202.17862132316816	Average reward 200.93
2018-12-06 22:46:47,121 INFO Episode 622	Last reward: 201.24229346248347	Average reward 117.87
2018-12-06 22:46:55,594 INFO Episode 623	Last reward: 168.2822698140854	Average reward 425.64
2018-12-06 22:47:03,313 INFO Episode 624	Last reward: 542.5384567921634	Average reward 134.94
2018-12-06 22:47:09,954 INFO Episode 625	Last reward: 199.80332004629938	Average reward 138.83
2018-12-06 22:47:16,285 INFO Episode 626	Last reward: 60.9870680931299	Average reward 64.44
2018-12-06 22:47:22,013 INFO Episode 627	Last reward: 200.79337436698094	Average reward 94.04
2018-12-06 22:47:28,167 INFO Episode 628	Last reward: 7.727128172524864	Average reward 22.10
2018-12-06 22:47:33,657 INFO Episode 629	Last reward: 86.93743717271212	Average reward 138.15
2018-12-06 22:47:39,621 INFO Episode 630	Last reward: 21.21610530734747	Average reward 100.74
2018-12-06 22:47:45,551 INFO Episode 631	Last reward: 3.685628168004314	Average reward 114.64
2018-12-06 22:47:50,963 INFO Episode 632	Last reward: 3.574154577613541	Average reward 111.11
2018-12-06 22:47:56,515 INFO Episode 633	Last reward: 432.79726363176	Average reward 203.29
2018-12-06 22:48:02,480 INFO Episode 634	Last reward: 433.0323032537789	Average reward 91.17
2018-12-06 22:48:09,691 INFO Episode 635	Last reward: 433.7602324864495	Average reward 123.11
2018-12-06 22:48:17,687 INFO Episode 636	Last reward: 58.80066435949924	Average reward 77.31
2018-12-06 22:48:26,336 INFO Episode 637	Last reward: 167.86572657849118	Average reward 98.45
2018-12-06 22:48:34,051 INFO Episode 638	Last reward: 551.4817830835752	Average reward 433.34
2018-12-06 22:48:39,870 INFO Episode 639	Last reward: 431.8444817217969	Average reward 148.55
2018-12-06 22:48:45,329 INFO Episode 640	Last reward: 9.734049600758299	Average reward 91.66
2018-12-06 22:48:50,905 INFO Episode 641	Last reward: 434.7213138159086	Average reward 149.06
2018-12-06 22:48:56,991 INFO Episode 642	Last reward: 543.477454508351	Average reward 169.00
2018-12-06 22:49:03,302 INFO Episode 643	Last reward: 73.99247429221666	Average reward 264.84
2018-12-06 22:49:09,046 INFO Episode 644	Last reward: 26.93702634931008	Average reward 87.03
2018-12-06 22:49:14,957 INFO Episode 645	Last reward: 9.600724160227937	Average reward 32.27
2018-12-06 22:49:22,579 INFO Episode 646	Last reward: 548.2121660243064	Average reward 255.86
2018-12-06 22:49:31,208 INFO Episode 647	Last reward: 168.22549014206263	Average reward 83.47
2018-12-06 22:49:37,734 INFO Episode 648	Last reward: 168.80228989244966	Average reward 115.32
2018-12-06 22:49:43,941 INFO Episode 649	Last reward: 74.00148053981135	Average reward 64.31
2018-12-06 22:49:49,408 INFO Episode 650	Last reward: 73.97371900048957	Average reward 149.70
2018-12-06 22:49:55,020 INFO Episode 651	Last reward: 202.09089677401778	Average reward 46.33
2018-12-06 22:50:01,258 INFO Episode 652	Last reward: 545.2074789591812	Average reward 171.73
2018-12-06 22:50:06,868 INFO Episode 653	Last reward: 168.18933765660586	Average reward 100.35
2018-12-06 22:50:12,880 INFO Episode 654	Last reward: 168.35653049991672	Average reward 260.59
2018-12-06 22:50:18,972 INFO Episode 655	Last reward: 988.6422481382714	Average reward 283.65
2018-12-06 22:50:25,734 INFO Episode 656	Last reward: 201.04521809271316	Average reward 105.51
2018-12-06 22:50:31,978 INFO Episode 657	Last reward: 550.316187725009	Average reward 112.96
2018-12-06 22:50:37,973 INFO Episode 658	Last reward: 9.84219642804369	Average reward 167.31
2018-12-06 22:50:44,632 INFO Episode 659	Last reward: 61.01935355546734	Average reward 37.61
2018-12-06 22:50:51,182 INFO Episode 660	Last reward: 26.740053788231105	Average reward 23.57
2018-12-06 22:50:59,588 INFO Episode 661	Last reward: 433.10560975412625	Average reward 128.58
2018-12-06 22:51:06,803 INFO Episode 662	Last reward: 167.9233929075553	Average reward 84.81
2018-12-06 22:51:12,524 INFO Episode 663	Last reward: 74.03562320874936	Average reward 64.02
2018-12-06 22:51:18,654 INFO Episode 664	Last reward: 987.2450888145519	Average reward 305.11
2018-12-06 22:51:24,532 INFO Episode 665	Last reward: 431.28873051305726	Average reward 96.84
2018-12-06 22:51:30,310 INFO Episode 666	Last reward: 168.74674597217725	Average reward 198.43
2018-12-06 22:51:35,850 INFO Episode 667	Last reward: 87.4756467615583	Average reward 49.14
2018-12-06 22:51:41,747 INFO Episode 668	Last reward: 164.52118941870316	Average reward 164.82
2018-12-06 22:51:47,351 INFO Episode 669	Last reward: 432.5076923495127	Average reward 159.16
2018-12-06 22:51:52,945 INFO Episode 670	Last reward: 166.5576010854239	Average reward 70.23
2018-12-06 22:51:58,532 INFO Episode 671	Last reward: 168.44730136338796	Average reward 80.57
2018-12-06 22:52:05,078 INFO Episode 672	Last reward: 202.5933816383251	Average reward 141.76
2018-12-06 22:52:11,141 INFO Episode 673	Last reward: 233.3190009332147	Average reward 56.24
2018-12-06 22:52:16,727 INFO Episode 674	Last reward: 73.47610926321786	Average reward 57.09
2018-12-06 22:52:22,091 INFO Episode 675	Last reward: 7.710042907217794	Average reward 24.96
2018-12-06 22:52:27,890 INFO Episode 676	Last reward: 434.0611059554224	Average reward 73.32
2018-12-06 22:52:34,011 INFO Episode 677	Last reward: 7.766986492548629	Average reward 59.57
2018-12-06 22:52:41,256 INFO Episode 678	Last reward: 547.3191434008761	Average reward 101.75
2018-12-06 22:52:47,332 INFO Episode 679	Last reward: 168.7560445177734	Average reward 25.18
2018-12-06 22:52:55,387 INFO Episode 680	Last reward: 201.7761482649503	Average reward 100.43
2018-12-06 22:53:02,781 INFO Episode 681	Last reward: 74.09191220975127	Average reward 241.84
2018-12-06 22:53:08,706 INFO Episode 682	Last reward: 7.7526870402091355	Average reward 259.56
2018-12-06 22:53:14,870 INFO Episode 683	Last reward: 201.5664163269882	Average reward 46.65
2018-12-06 22:53:20,844 INFO Episode 684	Last reward: 168.69782893473933	Average reward 24.20
2018-12-06 22:53:26,555 INFO Episode 685	Last reward: 61.07097396383187	Average reward 85.67
2018-12-06 22:53:31,891 INFO Episode 686	Last reward: 73.42698735955625	Average reward 125.11
2018-12-06 22:53:37,899 INFO Episode 687	Last reward: 432.33499176893633	Average reward 61.08
2018-12-06 22:53:43,567 INFO Episode 688	Last reward: 26.683731868567392	Average reward 30.12
2018-12-06 22:53:49,427 INFO Episode 689	Last reward: 74.04781320571789	Average reward 40.10
2018-12-06 22:53:55,467 INFO Episode 690	Last reward: 87.29810154374705	Average reward 120.93
2018-12-06 22:54:01,008 INFO Episode 691	Last reward: 168.2763915048931	Average reward 242.52
2018-12-06 22:54:06,547 INFO Episode 692	Last reward: 3.0194169439569842	Average reward 115.04
2018-12-06 22:54:12,160 INFO Episode 693	Last reward: 430.68892008819927	Average reward 328.67
2018-12-06 22:54:17,697 INFO Episode 694	Last reward: 233.88784131013085	Average reward 19.48
2018-12-06 22:54:24,339 INFO Episode 695	Last reward: 7.724861384809674	Average reward 142.43
2018-12-06 22:54:31,239 INFO Episode 696	Last reward: 201.37180637562398	Average reward 269.85
2018-12-06 22:54:37,775 INFO Episode 697	Last reward: 167.96281489394823	Average reward 111.38
2018-12-06 22:54:46,442 INFO Episode 698	Last reward: 972.5202775009293	Average reward 350.22
2018-12-06 22:54:53,864 INFO Episode 699	Last reward: 26.568324636573777	Average reward 61.14
2018-12-06 22:55:00,328 INFO Episode 700	Last reward: 21.10761738209153	Average reward 121.77
2018-12-06 22:55:06,115 INFO Episode 701	Last reward: 202.5586924659152	Average reward 99.22
2018-12-06 22:55:06,116 DEBUG backend agg version v2.2
2018-12-06 22:55:11,573 INFO Episode 702	Last reward: 433.1067188430759	Average reward 104.17
2018-12-06 22:55:17,426 INFO Episode 703	Last reward: 551.3399865825414	Average reward 223.53
2018-12-06 22:55:22,958 INFO Episode 704	Last reward: 87.38081846783845	Average reward 274.15
2018-12-06 22:55:28,677 INFO Episode 705	Last reward: 87.52352848555151	Average reward 90.65
2018-12-06 22:55:34,780 INFO Episode 706	Last reward: 990.8720163421733	Average reward 244.17
2018-12-06 22:55:40,601 INFO Episode 707	Last reward: 202.23623917960276	Average reward 269.06
2018-12-06 22:55:46,095 INFO Episode 708	Last reward: 167.1492638773153	Average reward 235.79
2018-12-06 22:55:52,205 INFO Episode 709	Last reward: 7.805808127159552	Average reward 100.05
2018-12-06 22:55:58,436 INFO Episode 710	Last reward: 432.03477213599365	Average reward 283.23
2018-12-06 22:56:04,534 INFO Episode 711	Last reward: 73.78452682909598	Average reward 98.24
2018-12-06 22:56:10,980 INFO Episode 712	Last reward: 201.91034786044048	Average reward 95.51
2018-12-06 22:56:17,875 INFO Episode 713	Last reward: 7.751535769264195	Average reward 55.13
2018-12-06 22:56:25,613 INFO Episode 714	Last reward: 168.11503122729158	Average reward 80.12
2018-12-06 22:56:33,643 INFO Episode 715	Last reward: 434.34173841435137	Average reward 115.84
2018-12-06 22:56:40,838 INFO Episode 716	Last reward: 73.99260371040045	Average reward 70.46
2018-12-06 22:56:47,350 INFO Episode 717	Last reward: 3.009583453010611	Average reward 175.88
2018-12-06 22:56:52,873 INFO Episode 718	Last reward: 87.12729932249411	Average reward 93.62
2018-12-06 22:56:58,517 INFO Episode 719	Last reward: 7.7694825391915545	Average reward 133.41
2018-12-06 22:57:04,119 INFO Episode 720	Last reward: 434.3585671250674	Average reward 74.05
2018-12-06 22:57:09,857 INFO Episode 721	Last reward: 74.11603727493838	Average reward 221.63
2018-12-06 22:57:15,732 INFO Episode 722	Last reward: 988.929747857831	Average reward 217.17
2018-12-06 22:57:21,505 INFO Episode 723	Last reward: 72.79711806682207	Average reward 121.89
2018-12-06 22:57:26,972 INFO Episode 724	Last reward: 20.840709619765885	Average reward 28.28
2018-12-06 22:57:33,021 INFO Episode 725	Last reward: 542.8491283716022	Average reward 119.65
2018-12-06 22:57:39,969 INFO Episode 726	Last reward: 544.3597515621724	Average reward 311.50
2018-12-06 22:57:45,696 INFO Episode 727	Last reward: 21.212185162705765	Average reward 66.78
2018-12-06 22:57:53,192 INFO Episode 728	Last reward: 73.05781120836616	Average reward 107.25
2018-12-06 22:58:01,448 INFO Episode 729	Last reward: 87.37944072393354	Average reward 317.32
2018-12-06 22:58:08,502 INFO Episode 730	Last reward: 434.50747656836774	Average reward 274.96
2018-12-06 22:58:14,482 INFO Episode 731	Last reward: 201.17615088158692	Average reward 99.13
2018-12-06 22:58:20,452 INFO Episode 732	Last reward: 543.2320871105392	Average reward 102.71
2018-12-06 22:58:25,857 INFO Episode 733	Last reward: 73.82644756066051	Average reward 84.90
2018-12-06 22:58:31,233 INFO Episode 734	Last reward: 201.53195485400792	Average reward 52.69
2018-12-06 22:58:36,587 INFO Episode 735	Last reward: 60.951858227788236	Average reward 49.17
2018-12-06 22:58:41,954 INFO Episode 736	Last reward: 233.92955199688004	Average reward 148.12
2018-12-06 22:58:47,239 INFO Episode 737	Last reward: 168.85722172542464	Average reward 71.70
2018-12-06 22:58:52,735 INFO Episode 738	Last reward: 168.47007072420374	Average reward 46.32
2018-12-06 22:58:58,008 INFO Episode 739	Last reward: 167.60778806724022	Average reward 167.21
2018-12-06 22:59:03,500 INFO Episode 740	Last reward: 74.02830209394752	Average reward 81.30
2018-12-06 22:59:08,838 INFO Episode 741	Last reward: 21.212669133214362	Average reward 64.62
2018-12-06 22:59:14,479 INFO Episode 742	Last reward: 73.6909862606093	Average reward 100.31
2018-12-06 22:59:20,201 INFO Episode 743	Last reward: 73.74429121162146	Average reward 82.10
2018-12-06 22:59:25,625 INFO Episode 744	Last reward: 168.431134328815	Average reward 43.06
2018-12-06 22:59:31,520 INFO Episode 745	Last reward: 21.207267828766323	Average reward 87.95
2018-12-06 22:59:37,417 INFO Episode 746	Last reward: 434.0056698459889	Average reward 125.95
2018-12-06 22:59:42,971 INFO Episode 747	Last reward: 3.6143037672909535	Average reward 42.13
2018-12-06 22:59:48,799 INFO Episode 748	Last reward: 430.5996521310403	Average reward 283.92
2018-12-06 22:59:55,198 INFO Episode 749	Last reward: 60.73712709218141	Average reward 101.62
2018-12-06 23:00:01,686 INFO Episode 750	Last reward: 201.70023641256003	Average reward 114.83
2018-12-06 23:00:07,815 INFO Episode 751	Last reward: 167.5677172713555	Average reward 177.52
2018-12-06 23:00:14,870 INFO Episode 752	Last reward: 60.44208994822414	Average reward 59.71
2018-12-06 23:00:22,103 INFO Episode 753	Last reward: 61.050566913240566	Average reward 40.54
2018-12-06 23:00:30,214 INFO Episode 754	Last reward: 168.7985082976292	Average reward 39.10
2018-12-06 23:00:38,146 INFO Episode 755	Last reward: 433.7565271111501	Average reward 81.91
2018-12-06 23:00:44,208 INFO Episode 756	Last reward: 20.73771981400216	Average reward 141.95
2018-12-06 23:00:49,930 INFO Episode 757	Last reward: 21.14238976532714	Average reward 113.69
2018-12-06 23:00:55,739 INFO Episode 758	Last reward: 431.53620187934945	Average reward 185.63
2018-12-06 23:01:01,568 INFO Episode 759	Last reward: 550.9622150972118	Average reward 148.41
2018-12-06 23:01:06,924 INFO Episode 760	Last reward: 202.1680444933571	Average reward 317.91
2018-12-06 23:01:12,558 INFO Episode 761	Last reward: 201.3666320358063	Average reward 57.21
2018-12-06 23:01:18,038 INFO Episode 762	Last reward: 201.42485788860256	Average reward 47.89
2018-12-06 23:01:23,692 INFO Episode 763	Last reward: 201.96743477273955	Average reward 66.76
2018-12-06 23:01:29,897 INFO Episode 764	Last reward: 200.0792812077642	Average reward 105.21
2018-12-06 23:01:35,254 INFO Episode 765	Last reward: 26.802672465614535	Average reward 81.29
2018-12-06 23:01:41,788 INFO Episode 766	Last reward: 546.487346160034	Average reward 108.15
2018-12-06 23:01:47,708 INFO Episode 767	Last reward: 26.926916999607037	Average reward 62.46
2018-12-06 23:01:54,005 INFO Episode 768	Last reward: 202.25220476511737	Average reward 97.03
2018-12-06 23:02:00,697 INFO Episode 769	Last reward: 21.164692708983434	Average reward 53.83
2018-12-06 23:02:09,568 INFO Episode 770	Last reward: 7.767018944447034	Average reward 244.46
2018-12-06 23:02:17,411 INFO Episode 771	Last reward: 431.74101093462554	Average reward 58.51
2018-12-06 23:02:24,110 INFO Episode 772	Last reward: 73.64958505017688	Average reward 63.50
2018-12-06 23:02:30,211 INFO Episode 773	Last reward: 60.99684832896157	Average reward 41.18
2018-12-06 23:02:35,980 INFO Episode 774	Last reward: 541.404235522228	Average reward 135.37
2018-12-06 23:02:41,795 INFO Episode 775	Last reward: 168.67425582263513	Average reward 63.51
2018-12-06 23:02:47,215 INFO Episode 776	Last reward: 202.4779382389234	Average reward 100.50
2018-12-06 23:02:52,874 INFO Episode 777	Last reward: 61.003731905570234	Average reward 132.47
2018-12-06 23:02:58,272 INFO Episode 778	Last reward: 73.98907839208276	Average reward 166.15
2018-12-06 23:03:03,931 INFO Episode 779	Last reward: 60.48074946783301	Average reward 173.00
2018-12-06 23:03:09,844 INFO Episode 780	Last reward: 168.93583509315792	Average reward 278.67
2018-12-06 23:03:15,597 INFO Episode 781	Last reward: 201.31777256709404	Average reward 99.60
2018-12-06 23:03:22,138 INFO Episode 782	Last reward: 3.036865263111445	Average reward 227.32
2018-12-06 23:03:29,492 INFO Episode 783	Last reward: 167.26837998443094	Average reward 165.07
2018-12-06 23:03:36,548 INFO Episode 784	Last reward: 26.443247891239572	Average reward 30.09
2018-12-06 23:03:44,726 INFO Episode 785	Last reward: 9.780516400547437	Average reward 56.22
2018-12-06 23:03:51,826 INFO Episode 786	Last reward: 7.7927453957714885	Average reward 68.55
2018-12-06 23:03:58,280 INFO Episode 787	Last reward: 168.44543089362503	Average reward 66.50
2018-12-06 23:04:04,369 INFO Episode 788	Last reward: 233.80768609945238	Average reward 108.98
2018-12-06 23:04:10,363 INFO Episode 789	Last reward: 26.947192821574763	Average reward 47.69
2018-12-06 23:04:16,081 INFO Episode 790	Last reward: 202.43005468241046	Average reward 112.41
2018-12-06 23:04:21,876 INFO Episode 791	Last reward: 60.90649438492082	Average reward 55.70
2018-12-06 23:04:27,605 INFO Episode 792	Last reward: 432.7941322923905	Average reward 207.70
2018-12-06 23:04:33,177 INFO Episode 793	Last reward: 433.2044670813011	Average reward 104.05
2018-12-06 23:04:39,627 INFO Episode 794	Last reward: 434.4777135746294	Average reward 96.46
2018-12-06 23:04:45,923 INFO Episode 795	Last reward: 168.56919628405623	Average reward 86.75
2018-12-06 23:04:52,549 INFO Episode 796	Last reward: 201.86850200867636	Average reward 86.08
2018-12-06 23:04:58,975 INFO Episode 797	Last reward: 168.8433921992424	Average reward 137.07
2018-12-06 23:05:05,009 INFO Episode 798	Last reward: 549.5898341187764	Average reward 159.47
2018-12-06 23:05:11,497 INFO Episode 799	Last reward: 168.07835114810868	Average reward 140.10
2018-12-06 23:05:19,233 INFO Episode 800	Last reward: 60.88781441724058	Average reward 40.64
2018-12-06 23:05:27,898 INFO Episode 801	Last reward: 60.85860779778624	Average reward 82.60
2018-12-06 23:05:27,899 DEBUG backend agg version v2.2
2018-12-06 23:05:34,240 INFO Episode 802	Last reward: 7.802516164468278	Average reward 101.21
2018-12-06 23:05:39,620 INFO Episode 803	Last reward: 202.3409452954835	Average reward 179.44
2018-12-06 23:05:45,343 INFO Episode 804	Last reward: 7.766545388184513	Average reward 249.06
2018-12-06 23:05:51,047 INFO Episode 805	Last reward: 73.93991738978475	Average reward 75.95
2018-12-06 23:05:56,495 INFO Episode 806	Last reward: 434.6302876004694	Average reward 426.87
2018-12-06 23:06:01,966 INFO Episode 807	Last reward: 168.08149777442873	Average reward 63.62
2018-12-06 23:06:07,614 INFO Episode 808	Last reward: 87.15928700696928	Average reward 185.97
2018-12-06 23:06:13,252 INFO Episode 809	Last reward: 60.969666615752914	Average reward 122.04
2018-12-06 23:06:20,151 INFO Episode 810	Last reward: 74.09925454469136	Average reward 144.44
2018-12-06 23:06:26,878 INFO Episode 811	Last reward: 233.04127000325352	Average reward 92.41
2018-12-06 23:06:33,689 INFO Episode 812	Last reward: 168.06705369731029	Average reward 172.22
2018-12-06 23:06:41,742 INFO Episode 813	Last reward: 166.85244152675097	Average reward 250.10
2018-12-06 23:06:49,379 INFO Episode 814	Last reward: 547.8689138612701	Average reward 83.75
2018-12-06 23:06:56,262 INFO Episode 815	Last reward: 434.38057201457354	Average reward 329.84
2018-12-06 23:07:02,181 INFO Episode 816	Last reward: 73.69547737718094	Average reward 251.55
2018-12-06 23:07:07,823 INFO Episode 817	Last reward: 201.1026899284883	Average reward 177.37
2018-12-06 23:07:13,336 INFO Episode 818	Last reward: 168.61694623511394	Average reward 75.00
2018-12-06 23:07:20,593 INFO Episode 819	Last reward: 21.216723933900838	Average reward 208.56
2018-12-06 23:07:26,067 INFO Episode 820	Last reward: 167.7907260424458	Average reward 53.72
2018-12-06 23:07:31,866 INFO Episode 821	Last reward: 168.65169443139894	Average reward 98.86
2018-12-06 23:07:37,681 INFO Episode 822	Last reward: 73.63774400900954	Average reward 55.82
2018-12-06 23:07:43,390 INFO Episode 823	Last reward: 434.06077374473404	Average reward 57.08
2018-12-06 23:07:49,602 INFO Episode 824	Last reward: 168.61817409729923	Average reward 146.07
2018-12-06 23:07:56,848 INFO Episode 825	Last reward: 233.27822284468772	Average reward 188.51
2018-12-06 23:08:04,910 INFO Episode 826	Last reward: 168.94608948576305	Average reward 50.40
2018-12-06 23:08:13,609 INFO Episode 827	Last reward: 986.5885613088218	Average reward 498.22
2018-12-06 23:08:19,989 INFO Episode 828	Last reward: 21.127804379744205	Average reward 164.24
2018-12-06 23:08:25,680 INFO Episode 829	Last reward: 169.0266830445961	Average reward 66.20
2018-12-06 23:08:31,550 INFO Episode 830	Last reward: 168.5376119361281	Average reward 55.21
2018-12-06 23:08:37,004 INFO Episode 831	Last reward: 73.97282063484448	Average reward 174.76
2018-12-06 23:08:42,928 INFO Episode 832	Last reward: 60.764396805285585	Average reward 129.92
2018-12-06 23:08:48,538 INFO Episode 833	Last reward: 233.48558661417005	Average reward 137.21
2018-12-06 23:08:54,212 INFO Episode 834	Last reward: 3.6037492514316702	Average reward 12.87
2018-12-06 23:09:00,767 INFO Episode 835	Last reward: 60.663234822472376	Average reward 421.25
2018-12-06 23:09:07,340 INFO Episode 836	Last reward: 73.73546198187192	Average reward 192.95
2018-12-06 23:09:14,730 INFO Episode 837	Last reward: 433.67170556719014	Average reward 171.46
2018-12-06 23:09:22,210 INFO Episode 838	Last reward: 426.0555991417317	Average reward 95.24
2018-12-06 23:09:29,639 INFO Episode 839	Last reward: 73.64974871915756	Average reward 116.77
2018-12-06 23:09:37,266 INFO Episode 840	Last reward: 164.90177028677925	Average reward 97.86
2018-12-06 23:09:45,617 INFO Episode 841	Last reward: 232.04808082551565	Average reward 205.38
2018-12-06 23:09:53,889 INFO Episode 842	Last reward: 20.841967438287575	Average reward 319.48
2018-12-06 23:09:59,814 INFO Episode 843	Last reward: 432.7836412885922	Average reward 92.66
2018-12-06 23:10:05,367 INFO Episode 844	Last reward: 168.33614277313546	Average reward 69.89
2018-12-06 23:10:10,924 INFO Episode 845	Last reward: 168.49927898601936	Average reward 99.53
2018-12-06 23:10:16,782 INFO Episode 846	Last reward: 168.51608707999694	Average reward 73.27
2018-12-06 23:10:22,751 INFO Episode 847	Last reward: 9.840844576836135	Average reward 108.06
2018-12-06 23:10:28,183 INFO Episode 848	Last reward: 86.94265768957096	Average reward 94.07
2018-12-06 23:10:34,108 INFO Episode 849	Last reward: 233.69439628409114	Average reward 66.41
2018-12-06 23:10:39,611 INFO Episode 850	Last reward: 431.6057946462807	Average reward 71.42
2018-12-06 23:10:45,766 INFO Episode 851	Last reward: 59.913306578038	Average reward 94.91
2018-12-06 23:10:52,303 INFO Episode 852	Last reward: 60.282069336381184	Average reward 61.11
2018-12-06 23:10:59,975 INFO Episode 853	Last reward: 73.87550425470583	Average reward 135.64
2018-12-06 23:11:07,834 INFO Episode 854	Last reward: 432.4225021746555	Average reward 135.02
2018-12-06 23:11:15,224 INFO Episode 855	Last reward: 26.68943853401783	Average reward 29.48
2018-12-06 23:11:22,479 INFO Episode 856	Last reward: 168.2217610608301	Average reward 81.53
2018-12-06 23:11:29,339 INFO Episode 857	Last reward: 1498.1712380851918	Average reward 246.99
2018-12-06 23:11:34,953 INFO Episode 858	Last reward: 168.90882367877887	Average reward 93.44
2018-12-06 23:11:40,876 INFO Episode 859	Last reward: 87.37496391020912	Average reward 144.55
2018-12-06 23:11:46,377 INFO Episode 860	Last reward: 26.95389602268657	Average reward 97.87
2018-12-06 23:11:51,920 INFO Episode 861	Last reward: 1494.3813112135085	Average reward 302.38
2018-12-06 23:11:57,840 INFO Episode 862	Last reward: 74.06443503469669	Average reward 83.80
2018-12-06 23:12:03,724 INFO Episode 863	Last reward: 201.50355366420402	Average reward 92.73
2018-12-06 23:12:09,309 INFO Episode 864	Last reward: 169.1650355963166	Average reward 114.93
2018-12-06 23:12:14,945 INFO Episode 865	Last reward: 87.31309522596672	Average reward 97.62
2018-12-06 23:12:20,829 INFO Episode 866	Last reward: 233.83034762416705	Average reward 114.77
2018-12-06 23:12:27,085 INFO Episode 867	Last reward: 233.70844056164356	Average reward 98.57
2018-12-06 23:12:33,246 INFO Episode 868	Last reward: 432.6297462750162	Average reward 67.50
2018-12-06 23:12:40,603 INFO Episode 869	Last reward: 434.5896923843574	Average reward 179.91
2018-12-06 23:12:48,735 INFO Episode 870	Last reward: 21.24910495945302	Average reward 78.18
2018-12-06 23:12:57,194 INFO Episode 871	Last reward: 60.96036642911293	Average reward 75.04
2018-12-06 23:13:03,353 INFO Episode 872	Last reward: 168.0776238429307	Average reward 302.99
2018-12-06 23:13:09,091 INFO Episode 873	Last reward: 3.0258118970713306	Average reward 46.17
2018-12-06 23:13:14,603 INFO Episode 874	Last reward: 60.335639140271205	Average reward 50.12
2018-12-06 23:13:20,408 INFO Episode 875	Last reward: 233.37780944714459	Average reward 213.24
2018-12-06 23:13:25,996 INFO Episode 876	Last reward: 198.66955455539707	Average reward 54.13
2018-12-06 23:13:32,481 INFO Episode 877	Last reward: 86.90258015742067	Average reward 31.59
2018-12-06 23:13:38,155 INFO Episode 878	Last reward: 433.72344880046774	Average reward 96.15
2018-12-06 23:13:43,993 INFO Episode 879	Last reward: 202.49092520851258	Average reward 52.40
2018-12-06 23:13:49,740 INFO Episode 880	Last reward: 60.986545724742236	Average reward 83.34
2018-12-06 23:13:55,480 INFO Episode 881	Last reward: 549.9858509691269	Average reward 137.09
2018-12-06 23:14:02,056 INFO Episode 882	Last reward: 977.3410677707502	Average reward 113.77
2018-12-06 23:14:09,050 INFO Episode 883	Last reward: 433.847134413216	Average reward 163.28
2018-12-06 23:14:15,723 INFO Episode 884	Last reward: 202.02059482201577	Average reward 115.66
2018-12-06 23:14:23,592 INFO Episode 885	Last reward: 202.17681971440817	Average reward 171.68
2018-12-06 23:14:31,622 INFO Episode 886	Last reward: 7.7425249561121285	Average reward 129.24
2018-12-06 23:14:37,753 INFO Episode 887	Last reward: 551.3281450270204	Average reward 168.01
2018-12-06 23:14:43,534 INFO Episode 888	Last reward: 60.77578356387924	Average reward 112.45
2018-12-06 23:14:49,435 INFO Episode 889	Last reward: 168.27868143212012	Average reward 48.81
2018-12-06 23:14:56,397 INFO Episode 890	Last reward: 433.51776603291574	Average reward 73.41
2018-12-06 23:15:01,834 INFO Episode 891	Last reward: 73.63928231030381	Average reward 62.62
2018-12-06 23:15:07,777 INFO Episode 892	Last reward: 87.63779150217441	Average reward 213.93
2018-12-06 23:15:13,640 INFO Episode 893	Last reward: 433.07357967350316	Average reward 183.60
2018-12-06 23:15:20,090 INFO Episode 894	Last reward: 7.553209344431971	Average reward 207.70
2018-12-06 23:15:25,839 INFO Episode 895	Last reward: 167.77927365060827	Average reward 266.35
2018-12-06 23:15:31,793 INFO Episode 896	Last reward: 548.1005940475984	Average reward 126.23
2018-12-06 23:15:40,178 INFO Episode 897	Last reward: 234.250024422072	Average reward 187.28
2018-12-06 23:15:48,745 INFO Episode 898	Last reward: 87.16921531486521	Average reward 222.34
2018-12-06 23:15:54,684 INFO Episode 899	Last reward: 434.23592093352477	Average reward 129.83
2018-12-06 23:16:00,798 INFO Episode 900	Last reward: 72.3571019221955	Average reward 142.55
2018-12-06 23:16:06,742 INFO Episode 901	Last reward: 430.38471813385235	Average reward 121.24
2018-12-06 23:16:06,743 DEBUG backend agg version v2.2
2018-12-06 23:16:12,667 INFO Episode 902	Last reward: 166.0140143078041	Average reward 150.13
2018-12-06 23:16:19,550 INFO Episode 903	Last reward: 3.7738832896406573	Average reward 112.66
2018-12-06 23:16:25,682 INFO Episode 904	Last reward: 201.53939944344623	Average reward 99.67
2018-12-06 23:16:32,424 INFO Episode 905	Last reward: 430.3101189850059	Average reward 132.50
2018-12-06 23:16:39,548 INFO Episode 906	Last reward: 26.894802870409222	Average reward 166.01
2018-12-06 23:16:45,884 INFO Episode 907	Last reward: 432.9157395302342	Average reward 151.04
2018-12-06 23:16:53,728 INFO Episode 908	Last reward: 169.0560399409954	Average reward 77.46
2018-12-06 23:17:01,378 INFO Episode 909	Last reward: 233.44890500281574	Average reward 167.45
2018-12-06 23:17:08,115 INFO Episode 910	Last reward: 1492.709591502817	Average reward 184.16
2018-12-06 23:17:13,939 INFO Episode 911	Last reward: 87.68169100578814	Average reward 100.76
2018-12-06 23:17:19,403 INFO Episode 912	Last reward: 233.6515912855937	Average reward 74.26
2018-12-06 23:17:25,819 INFO Episode 913	Last reward: 60.47831601986359	Average reward 70.31
2018-12-06 23:17:31,671 INFO Episode 914	Last reward: 431.895221707925	Average reward 484.09
2018-12-06 23:17:37,095 INFO Episode 915	Last reward: 548.6879065600039	Average reward 94.23
2018-12-06 23:17:43,109 INFO Episode 916	Last reward: 988.82286489517	Average reward 401.71
2018-12-06 23:17:48,506 INFO Episode 917	Last reward: 233.94932296570101	Average reward 85.60
2018-12-06 23:17:54,942 INFO Episode 918	Last reward: 167.56743538068486	Average reward 34.36
2018-12-06 23:18:02,801 INFO Episode 919	Last reward: 60.14874854294915	Average reward 50.90
2018-12-06 23:18:11,020 INFO Episode 920	Last reward: 987.5540196192856	Average reward 135.26
2018-12-06 23:18:18,468 INFO Episode 921	Last reward: 168.61409321575317	Average reward 133.21
2018-12-06 23:18:24,766 INFO Episode 922	Last reward: 434.5885306995187	Average reward 130.00
2018-12-06 23:18:30,592 INFO Episode 923	Last reward: 551.3289943460644	Average reward 333.57
2018-12-06 23:18:36,685 INFO Episode 924	Last reward: 233.605841867871	Average reward 196.65
2018-12-06 23:18:42,202 INFO Episode 925	Last reward: 1476.5442303646903	Average reward 288.60
2018-12-06 23:18:47,781 INFO Episode 926	Last reward: 3.6491767078611956	Average reward 71.39
2018-12-06 23:18:53,430 INFO Episode 927	Last reward: 166.50593808409553	Average reward 38.22
2018-12-06 23:18:59,366 INFO Episode 928	Last reward: 168.30055357200382	Average reward 139.62
2018-12-06 23:19:05,234 INFO Episode 929	Last reward: 167.4010579348434	Average reward 221.09
2018-12-06 23:19:11,185 INFO Episode 930	Last reward: 549.8054682660216	Average reward 422.46
2018-12-06 23:19:18,131 INFO Episode 931	Last reward: 73.4498581828037	Average reward 100.06
2018-12-06 23:19:24,272 INFO Episode 932	Last reward: 201.57230284852395	Average reward 86.39
2018-12-06 23:19:30,351 INFO Episode 933	Last reward: 73.79926464284739	Average reward 43.93
2018-12-06 23:19:37,181 INFO Episode 934	Last reward: 73.66116558975327	Average reward 98.13
2018-12-06 23:19:44,656 INFO Episode 935	Last reward: 234.15873907234314	Average reward 164.82
2018-12-06 23:19:53,190 INFO Episode 936	Last reward: 989.198090479502	Average reward 428.61
2018-12-06 23:19:59,597 INFO Episode 937	Last reward: 551.4676853861075	Average reward 368.16
2018-12-06 23:20:05,324 INFO Episode 938	Last reward: 168.95100779733198	Average reward 95.07
2018-12-06 23:20:11,327 INFO Episode 939	Last reward: 434.1058353683492	Average reward 112.04
2018-12-06 23:20:17,366 INFO Episode 940	Last reward: 87.6733672464717	Average reward 80.06
2018-12-06 23:20:23,537 INFO Episode 941	Last reward: 433.66080643877547	Average reward 102.48
2018-12-06 23:20:29,242 INFO Episode 942	Last reward: 60.85621039957057	Average reward 95.52
2018-12-06 23:20:34,779 INFO Episode 943	Last reward: 60.91895888034841	Average reward 57.52
2018-12-06 23:20:42,363 INFO Episode 944	Last reward: 167.24103635276353	Average reward 76.41
2018-12-06 23:20:49,910 INFO Episode 945	Last reward: 167.86493341888897	Average reward 133.17
2018-12-06 23:20:57,921 INFO Episode 946	Last reward: 549.2640832045305	Average reward 157.46
2018-12-06 23:21:04,272 INFO Episode 947	Last reward: 26.92211591428011	Average reward 58.91
2018-12-06 23:21:10,098 INFO Episode 948	Last reward: 59.2120758114098	Average reward 102.63
2018-12-06 23:21:16,322 INFO Episode 949	Last reward: 550.5226978764376	Average reward 57.66
2018-12-06 23:21:22,114 INFO Episode 950	Last reward: 233.18240679775408	Average reward 91.26
2018-12-06 23:21:27,948 INFO Episode 951	Last reward: 545.084306520093	Average reward 198.99
2018-12-06 23:21:33,771 INFO Episode 952	Last reward: 4.03089322702106	Average reward 304.29
2018-12-06 23:21:39,252 INFO Episode 953	Last reward: 167.99277389115366	Average reward 76.36
2018-12-06 23:21:45,031 INFO Episode 954	Last reward: 550.5911790212962	Average reward 318.27
2018-12-06 23:21:51,676 INFO Episode 955	Last reward: 233.55879509629716	Average reward 122.32
2018-12-06 23:21:58,881 INFO Episode 956	Last reward: 433.1175822906451	Average reward 119.19
2018-12-06 23:22:07,176 INFO Episode 957	Last reward: 9.169383824426466	Average reward 45.19
2018-12-06 23:22:14,391 INFO Episode 958	Last reward: 86.67926584808141	Average reward 28.63
2018-12-06 23:22:19,982 INFO Episode 959	Last reward: 432.66635512361	Average reward 138.44
2018-12-06 23:22:25,464 INFO Episode 960	Last reward: 429.11846974625786	Average reward 155.50
2018-12-06 23:22:31,399 INFO Episode 961	Last reward: 87.51677227231687	Average reward 103.62
2018-12-06 23:22:37,238 INFO Episode 962	Last reward: 3.914106262738018	Average reward 145.69
2018-12-06 23:22:42,773 INFO Episode 963	Last reward: 546.7187990934813	Average reward 108.17
2018-12-06 23:22:48,372 INFO Episode 964	Last reward: 167.58435952473258	Average reward 53.20
2018-12-06 23:22:54,304 INFO Episode 965	Last reward: 26.855846175703455	Average reward 137.92
2018-12-06 23:23:00,200 INFO Episode 966	Last reward: 233.5398395476039	Average reward 104.86
2018-12-06 23:23:06,102 INFO Episode 967	Last reward: 433.5399131760633	Average reward 138.91
2018-12-06 23:23:11,949 INFO Episode 968	Last reward: 433.7983836641852	Average reward 202.93
2018-12-06 23:23:17,751 INFO Episode 969	Last reward: 200.74377135676062	Average reward 157.04
2018-12-06 23:23:23,676 INFO Episode 970	Last reward: 196.27773023850466	Average reward 174.72
2018-12-06 23:23:30,861 INFO Episode 971	Last reward: 167.63758337540287	Average reward 225.13
2018-12-06 23:23:38,529 INFO Episode 972	Last reward: 432.21061727725595	Average reward 177.32
2018-12-06 23:23:46,911 INFO Episode 973	Last reward: 71.72270510776684	Average reward 310.13
2018-12-06 23:23:54,108 INFO Episode 974	Last reward: 60.4692185472506	Average reward 422.66
2018-12-06 23:24:00,148 INFO Episode 975	Last reward: 545.3488983366481	Average reward 351.75
2018-12-06 23:24:06,247 INFO Episode 976	Last reward: 233.10116095963124	Average reward 95.34
2018-12-06 23:24:12,131 INFO Episode 977	Last reward: 168.41772040924198	Average reward 184.80
2018-12-06 23:24:17,725 INFO Episode 978	Last reward: 432.98089662031947	Average reward 125.82
2018-12-06 23:24:23,371 INFO Episode 979	Last reward: 201.77436186533885	Average reward 96.24
2018-12-06 23:24:28,867 INFO Episode 980	Last reward: 432.5908465170536	Average reward 210.31
2018-12-06 23:24:34,818 INFO Episode 981	Last reward: 202.0568529533592	Average reward 73.04
2018-12-06 23:24:41,096 INFO Episode 982	Last reward: 987.5886311368885	Average reward 308.01
2018-12-06 23:24:48,493 INFO Episode 983	Last reward: 549.9111151951254	Average reward 330.43
2018-12-06 23:24:56,324 INFO Episode 984	Last reward: 430.14427416199476	Average reward 90.84
2018-12-06 23:25:04,825 INFO Episode 985	Last reward: 202.4488357001179	Average reward 213.64
2018-12-06 23:25:11,356 INFO Episode 986	Last reward: 431.4364089245513	Average reward 96.77
2018-12-06 23:25:17,299 INFO Episode 987	Last reward: 547.2897335479973	Average reward 171.08
2018-12-06 23:25:23,222 INFO Episode 988	Last reward: 168.78866697909416	Average reward 194.62
2018-12-06 23:25:29,046 INFO Episode 989	Last reward: 9.821829274111007	Average reward 74.28
2018-12-06 23:25:34,902 INFO Episode 990	Last reward: 547.5104485696955	Average reward 247.53
2018-12-06 23:25:40,718 INFO Episode 991	Last reward: 434.1120324601374	Average reward 98.33
2018-12-06 23:25:47,183 INFO Episode 992	Last reward: 168.90844506967224	Average reward 140.06
2018-12-06 23:25:53,564 INFO Episode 993	Last reward: 434.4483912056158	Average reward 139.79
2018-12-06 23:26:01,835 INFO Episode 994	Last reward: 167.1062706939436	Average reward 89.98
2018-12-06 23:26:09,943 INFO Episode 995	Last reward: 60.4275010590979	Average reward 118.44
2018-12-06 23:26:17,799 INFO Episode 996	Last reward: 978.1769148616077	Average reward 232.67
2018-12-06 23:26:24,318 INFO Episode 997	Last reward: 1472.1982086600954	Average reward 227.34
2018-12-06 23:26:29,999 INFO Episode 998	Last reward: 3.5993335823587422	Average reward 31.80
2018-12-06 23:26:36,295 INFO Episode 999	Last reward: 428.90386769608904	Average reward 109.05
2018-12-06 23:26:41,882 INFO Episode 1000	Last reward: 167.57749767782286	Average reward 123.15
2018-12-06 23:26:47,497 INFO Episode 1001	Last reward: 990.1907917617846	Average reward 186.27
2018-12-06 23:26:47,498 DEBUG backend agg version v2.2
2018-12-06 23:26:53,129 INFO Episode 1002	Last reward: 549.0981457139598	Average reward 170.05
